mode: set
github.com/excalibase/auth/cmd/server/main.go:21.13,24.31 2 0
github.com/excalibase/auth/cmd/server/main.go:24.31,26.3 1 0
github.com/excalibase/auth/cmd/server/main.go:29.2,30.16 2 0
github.com/excalibase/auth/cmd/server/main.go:30.16,32.3 1 0
github.com/excalibase/auth/cmd/server/main.go:35.2,36.16 2 0
github.com/excalibase/auth/cmd/server/main.go:36.16,38.3 1 0
github.com/excalibase/auth/cmd/server/main.go:41.2,42.70 2 0
github.com/excalibase/auth/cmd/server/main.go:42.70,44.3 1 0
github.com/excalibase/auth/cmd/server/main.go:47.2,56.65 7 0
github.com/excalibase/auth/cmd/server/main.go:56.65,58.3 1 0
github.com/excalibase/auth/cmd/server/main.go:60.2,60.79 1 0
github.com/excalibase/auth/cmd/server/main.go:60.79,63.3 2 0
github.com/excalibase/auth/cmd/server/main.go:65.2,69.53 4 0
github.com/excalibase/auth/cmd/server/main.go:69.53,71.3 1 0
github.com/excalibase/auth/cmd/server/main.go:74.67,77.16 3 0
github.com/excalibase/auth/cmd/server/main.go:77.16,79.3 1 0
github.com/excalibase/auth/cmd/server/main.go:80.2,84.16 4 0
github.com/excalibase/auth/cmd/server/main.go:84.16,86.3 1 0
github.com/excalibase/auth/cmd/server/main.go:87.2,89.28 2 0
github.com/excalibase/auth/cmd/server/main.go:89.28,91.3 1 0
github.com/excalibase/auth/cmd/server/main.go:93.2,94.65 2 0
github.com/excalibase/auth/cmd/server/main.go:94.65,96.3 1 0
github.com/excalibase/auth/cmd/server/main.go:98.2,99.22 2 0
github.com/excalibase/auth/cmd/server/main.go:99.22,101.3 1 0
github.com/excalibase/auth/cmd/server/main.go:102.2,102.17 1 0
github.com/excalibase/auth/internal/auth/jwt.go:56.94,58.18 2 0
github.com/excalibase/auth/internal/auth/jwt.go:58.18,60.3 1 0
github.com/excalibase/auth/internal/auth/jwt.go:62.2,63.16 2 0
github.com/excalibase/auth/internal/auth/jwt.go:63.16,65.3 1 0
github.com/excalibase/auth/internal/auth/jwt.go:67.2,72.8 1 0
github.com/excalibase/auth/internal/auth/jwt.go:75.58,91.24 3 0
github.com/excalibase/auth/internal/auth/jwt.go:91.24,93.3 1 0
github.com/excalibase/auth/internal/auth/jwt.go:94.2,94.23 1 0
github.com/excalibase/auth/internal/auth/jwt.go:94.23,96.3 1 0
github.com/excalibase/auth/internal/auth/jwt.go:97.2,97.81 1 0
github.com/excalibase/auth/internal/auth/jwt.go:101.43,108.34 6 0
github.com/excalibase/auth/internal/auth/jwt.go:108.34,110.3 1 0
github.com/excalibase/auth/internal/auth/jwt.go:110.8,110.41 1 0
github.com/excalibase/auth/internal/auth/jwt.go:110.41,112.3 1 0
github.com/excalibase/auth/internal/auth/jwt.go:114.2,126.3 1 0
github.com/excalibase/auth/internal/auth/jwt.go:129.42,130.20 1 0
github.com/excalibase/auth/internal/auth/jwt.go:130.20,132.3 1 0
github.com/excalibase/auth/internal/auth/jwt.go:133.2,135.15 3 0
github.com/excalibase/auth/internal/auth/jwt.go:141.66,142.83 1 0
github.com/excalibase/auth/internal/auth/jwt.go:142.83,143.59 1 0
github.com/excalibase/auth/internal/auth/jwt.go:143.59,145.4 1 0
github.com/excalibase/auth/internal/auth/jwt.go:146.3,146.26 1 0
github.com/excalibase/auth/internal/auth/jwt.go:148.2,148.16 1 0
github.com/excalibase/auth/internal/auth/jwt.go:148.16,150.3 1 0
github.com/excalibase/auth/internal/auth/jwt.go:152.2,153.25 2 0
github.com/excalibase/auth/internal/auth/jwt.go:153.25,155.3 1 0
github.com/excalibase/auth/internal/auth/jwt.go:157.2,176.8 10 0
github.com/excalibase/auth/internal/auth/password.go:22.52,24.43 2 0
github.com/excalibase/auth/internal/auth/password.go:24.43,26.3 1 0
github.com/excalibase/auth/internal/auth/password.go:28.2,35.8 2 0
github.com/excalibase/auth/internal/auth/password.go:39.48,40.58 1 0
github.com/excalibase/auth/internal/auth/password.go:40.58,42.3 1 0
github.com/excalibase/auth/internal/auth/password.go:43.2,43.38 1 0
github.com/excalibase/auth/internal/auth/password.go:46.51,48.21 2 0
github.com/excalibase/auth/internal/auth/password.go:48.21,50.3 1 0
github.com/excalibase/auth/internal/auth/password.go:52.2,53.66 2 0
github.com/excalibase/auth/internal/auth/password.go:53.66,55.3 1 0
github.com/excalibase/auth/internal/auth/password.go:57.2,59.92 3 0
github.com/excalibase/auth/internal/auth/password.go:59.92,61.3 1 0
github.com/excalibase/auth/internal/auth/password.go:63.2,64.16 2 0
github.com/excalibase/auth/internal/auth/password.go:64.16,66.3 1 0
github.com/excalibase/auth/internal/auth/password.go:68.2,69.16 2 0
github.com/excalibase/auth/internal/auth/password.go:69.16,71.3 1 0
github.com/excalibase/auth/internal/auth/password.go:73.2,74.58 2 0
github.com/excalibase/auth/internal/config/config.go:20.20,26.39 3 1
github.com/excalibase/auth/internal/config/config.go:26.39,28.3 1 1
github.com/excalibase/auth/internal/config/config.go:29.2,30.20 2 1
github.com/excalibase/auth/internal/config/config.go:30.20,33.3 1 1
github.com/excalibase/auth/internal/config/config.go:34.2,42.3 1 1
github.com/excalibase/auth/internal/config/config.go:45.44,46.15 1 1
github.com/excalibase/auth/internal/config/config.go:46.15,48.3 1 0
github.com/excalibase/auth/internal/config/config.go:49.2,49.16 1 1
github.com/excalibase/auth/internal/config/config.go:49.16,51.3 1 0
github.com/excalibase/auth/internal/config/config.go:52.2,54.26 3 1
github.com/excalibase/auth/internal/config/config.go:54.26,56.14 2 1
github.com/excalibase/auth/internal/config/config.go:56.14,58.4 1 1
github.com/excalibase/auth/internal/config/config.go:60.2,60.23 1 1
github.com/excalibase/auth/internal/config/config.go:60.23,62.3 1 0
github.com/excalibase/auth/internal/config/config.go:63.2,63.16 1 1
github.com/excalibase/auth/internal/config/config.go:66.41,67.34 1 1
github.com/excalibase/auth/internal/config/config.go:67.34,69.3 1 1
github.com/excalibase/auth/internal/config/config.go:70.2,70.17 1 1
github.com/excalibase/auth/internal/config/config.go:73.43,74.34 1 1
github.com/excalibase/auth/internal/config/config.go:74.34,75.44 1 1
github.com/excalibase/auth/internal/config/config.go:75.44,77.4 1 1
github.com/excalibase/auth/internal/config/config.go:79.2,79.17 1 1
github.com/excalibase/auth/internal/handler/apikey.go:20.50,24.2 3 0
github.com/excalibase/auth/internal/handler/apikey.go:28.76,31.19 3 0
github.com/excalibase/auth/internal/handler/apikey.go:31.19,34.3 2 0
github.com/excalibase/auth/internal/handler/apikey.go:36.2,37.61 2 0
github.com/excalibase/auth/internal/handler/apikey.go:37.61,40.3 2 0
github.com/excalibase/auth/internal/handler/apikey.go:41.2,41.103 1 0
github.com/excalibase/auth/internal/handler/apikey.go:41.103,44.3 2 0
github.com/excalibase/auth/internal/handler/apikey.go:46.2,47.16 2 0
github.com/excalibase/auth/internal/handler/apikey.go:47.16,50.3 2 0
github.com/excalibase/auth/internal/handler/apikey.go:52.2,53.16 2 0
github.com/excalibase/auth/internal/handler/apikey.go:53.16,56.3 2 0
github.com/excalibase/auth/internal/handler/apikey.go:58.2,68.16 3 0
github.com/excalibase/auth/internal/handler/apikey.go:68.16,71.3 2 0
github.com/excalibase/auth/internal/handler/apikey.go:73.2,81.4 2 0
github.com/excalibase/auth/internal/handler/apikey.go:86.75,88.54 2 0
github.com/excalibase/auth/internal/handler/apikey.go:88.54,91.3 2 0
github.com/excalibase/auth/internal/handler/apikey.go:93.2,94.16 2 0
github.com/excalibase/auth/internal/handler/apikey.go:94.16,97.3 2 0
github.com/excalibase/auth/internal/handler/apikey.go:99.2,105.16 2 0
github.com/excalibase/auth/internal/handler/apikey.go:105.16,108.3 2 0
github.com/excalibase/auth/internal/handler/apikey.go:109.2,112.18 3 0
github.com/excalibase/auth/internal/handler/apikey.go:112.18,116.112 4 0
github.com/excalibase/auth/internal/handler/apikey.go:116.112,119.4 2 0
github.com/excalibase/auth/internal/handler/apikey.go:120.3,121.22 2 0
github.com/excalibase/auth/internal/handler/apikey.go:121.22,124.4 2 0
github.com/excalibase/auth/internal/handler/apikey.go:125.3,125.28 1 0
github.com/excalibase/auth/internal/handler/apikey.go:128.2,128.52 1 0
github.com/excalibase/auth/internal/handler/apikey.go:133.76,136.19 3 0
github.com/excalibase/auth/internal/handler/apikey.go:136.19,139.3 2 0
github.com/excalibase/auth/internal/handler/apikey.go:141.2,143.16 3 0
github.com/excalibase/auth/internal/handler/apikey.go:143.16,146.3 2 0
github.com/excalibase/auth/internal/handler/apikey.go:148.2,149.16 2 0
github.com/excalibase/auth/internal/handler/apikey.go:149.16,152.3 2 0
github.com/excalibase/auth/internal/handler/apikey.go:154.2,160.16 2 0
github.com/excalibase/auth/internal/handler/apikey.go:160.16,163.3 2 0
github.com/excalibase/auth/internal/handler/apikey.go:164.2,164.29 1 0
github.com/excalibase/auth/internal/handler/apikey.go:164.29,169.3 2 0
github.com/excalibase/auth/internal/handler/apikey.go:170.2,170.20 1 0
github.com/excalibase/auth/internal/handler/auth.go:43.113,45.2 1 0
github.com/excalibase/auth/internal/handler/auth.go:47.44,48.55 1 0
github.com/excalibase/auth/internal/handler/auth.go:48.55,62.30 8 0
github.com/excalibase/auth/internal/handler/auth.go:62.30,65.4 2 0
github.com/excalibase/auth/internal/handler/auth.go:71.41,75.2 3 0
github.com/excalibase/auth/internal/handler/auth.go:77.72,82.61 5 0
github.com/excalibase/auth/internal/handler/auth.go:82.61,85.3 2 0
github.com/excalibase/auth/internal/handler/auth.go:86.2,86.65 1 0
github.com/excalibase/auth/internal/handler/auth.go:86.65,89.3 2 0
github.com/excalibase/auth/internal/handler/auth.go:91.2,94.16 3 0
github.com/excalibase/auth/internal/handler/auth.go:94.16,97.3 2 0
github.com/excalibase/auth/internal/handler/auth.go:100.2,102.12 3 0
github.com/excalibase/auth/internal/handler/auth.go:102.12,105.3 2 0
github.com/excalibase/auth/internal/handler/auth.go:108.2,109.16 2 0
github.com/excalibase/auth/internal/handler/auth.go:109.16,112.3 2 0
github.com/excalibase/auth/internal/handler/auth.go:115.2,121.16 3 0
github.com/excalibase/auth/internal/handler/auth.go:121.16,124.3 2 0
github.com/excalibase/auth/internal/handler/auth.go:126.2,127.16 2 0
github.com/excalibase/auth/internal/handler/auth.go:127.16,130.3 2 0
github.com/excalibase/auth/internal/handler/auth.go:132.2,133.20 2 0
github.com/excalibase/auth/internal/handler/auth.go:136.69,141.61 5 0
github.com/excalibase/auth/internal/handler/auth.go:141.61,144.3 2 0
github.com/excalibase/auth/internal/handler/auth.go:145.2,147.16 3 0
github.com/excalibase/auth/internal/handler/auth.go:147.16,151.3 3 0
github.com/excalibase/auth/internal/handler/auth.go:152.2,152.20 1 0
github.com/excalibase/auth/internal/handler/auth.go:157.127,159.16 2 0
github.com/excalibase/auth/internal/handler/auth.go:159.16,161.3 1 0
github.com/excalibase/auth/internal/handler/auth.go:163.2,168.16 3 0
github.com/excalibase/auth/internal/handler/auth.go:168.16,170.3 1 0
github.com/excalibase/auth/internal/handler/auth.go:171.2,171.19 1 0
github.com/excalibase/auth/internal/handler/auth.go:171.19,173.3 1 0
github.com/excalibase/auth/internal/handler/auth.go:174.2,174.50 1 0
github.com/excalibase/auth/internal/handler/auth.go:174.50,176.3 1 0
github.com/excalibase/auth/internal/handler/auth.go:178.2,181.16 3 0
github.com/excalibase/auth/internal/handler/auth.go:181.16,183.3 1 0
github.com/excalibase/auth/internal/handler/auth.go:184.2,184.23 1 0
github.com/excalibase/auth/internal/handler/auth.go:187.72,189.61 2 0
github.com/excalibase/auth/internal/handler/auth.go:189.61,192.3 2 0
github.com/excalibase/auth/internal/handler/auth.go:194.2,195.16 2 0
github.com/excalibase/auth/internal/handler/auth.go:195.16,198.3 2 0
github.com/excalibase/auth/internal/handler/auth.go:200.2,206.4 1 0
github.com/excalibase/auth/internal/handler/auth.go:209.71,212.61 3 0
github.com/excalibase/auth/internal/handler/auth.go:212.61,215.3 2 0
github.com/excalibase/auth/internal/handler/auth.go:216.2,217.16 2 0
github.com/excalibase/auth/internal/handler/auth.go:217.16,220.3 2 0
github.com/excalibase/auth/internal/handler/auth.go:221.2,221.20 1 0
github.com/excalibase/auth/internal/handler/auth.go:227.128,229.16 2 0
github.com/excalibase/auth/internal/handler/auth.go:229.16,231.3 1 0
github.com/excalibase/auth/internal/handler/auth.go:233.2,240.16 5 0
github.com/excalibase/auth/internal/handler/auth.go:240.16,242.3 1 0
github.com/excalibase/auth/internal/handler/auth.go:243.2,243.13 1 0
github.com/excalibase/auth/internal/handler/auth.go:243.13,245.3 1 0
github.com/excalibase/auth/internal/handler/auth.go:246.2,246.34 1 0
github.com/excalibase/auth/internal/handler/auth.go:246.34,248.3 1 0
github.com/excalibase/auth/internal/handler/auth.go:250.2,255.40 3 0
github.com/excalibase/auth/internal/handler/auth.go:255.40,260.3 1 0
github.com/excalibase/auth/internal/handler/auth.go:262.2,263.16 2 0
github.com/excalibase/auth/internal/handler/auth.go:263.16,265.3 1 0
github.com/excalibase/auth/internal/handler/auth.go:266.2,266.23 1 0
github.com/excalibase/auth/internal/handler/auth.go:279.116,280.18 1 0
github.com/excalibase/auth/internal/handler/auth.go:280.18,282.3 1 0
github.com/excalibase/auth/internal/handler/auth.go:283.2,284.16 2 0
github.com/excalibase/auth/internal/handler/auth.go:284.16,286.3 1 0
github.com/excalibase/auth/internal/handler/auth.go:288.2,298.16 4 0
github.com/excalibase/auth/internal/handler/auth.go:298.16,300.3 1 0
github.com/excalibase/auth/internal/handler/auth.go:302.2,305.22 3 0
github.com/excalibase/auth/internal/handler/auth.go:305.22,307.3 1 0
github.com/excalibase/auth/internal/handler/auth.go:308.2,309.16 2 0
github.com/excalibase/auth/internal/handler/auth.go:309.16,311.3 1 0
github.com/excalibase/auth/internal/handler/auth.go:312.2,312.23 1 0
github.com/excalibase/auth/internal/handler/auth.go:315.70,318.61 3 0
github.com/excalibase/auth/internal/handler/auth.go:318.61,321.3 2 0
github.com/excalibase/auth/internal/handler/auth.go:323.2,324.16 2 0
github.com/excalibase/auth/internal/handler/auth.go:324.16,327.3 2 0
github.com/excalibase/auth/internal/handler/auth.go:329.2,330.71 2 0
github.com/excalibase/auth/internal/handler/auth.go:333.147,341.79 4 0
github.com/excalibase/auth/internal/handler/auth.go:341.79,342.29 1 0
github.com/excalibase/auth/internal/handler/auth.go:342.29,344.4 1 0
github.com/excalibase/auth/internal/handler/auth.go:345.3,345.25 1 0
github.com/excalibase/auth/internal/handler/auth.go:345.25,347.4 1 0
github.com/excalibase/auth/internal/handler/auth.go:348.3,348.25 1 0
github.com/excalibase/auth/internal/handler/auth.go:348.25,350.4 1 0
github.com/excalibase/auth/internal/handler/auth.go:353.2,366.16 2 0
github.com/excalibase/auth/internal/handler/auth.go:366.16,368.3 1 0
github.com/excalibase/auth/internal/handler/auth.go:370.2,374.17 4 0
github.com/excalibase/auth/internal/handler/auth.go:374.17,379.3 1 0
github.com/excalibase/auth/internal/handler/auth.go:381.2,387.8 1 0
github.com/excalibase/auth/internal/handler/auth.go:397.152,402.79 4 0
github.com/excalibase/auth/internal/handler/auth.go:402.79,403.29 1 0
github.com/excalibase/auth/internal/handler/auth.go:403.29,405.4 1 0
github.com/excalibase/auth/internal/handler/auth.go:406.3,406.25 1 0
github.com/excalibase/auth/internal/handler/auth.go:406.25,408.4 1 0
github.com/excalibase/auth/internal/handler/auth.go:409.3,409.25 1 0
github.com/excalibase/auth/internal/handler/auth.go:409.25,411.4 1 0
github.com/excalibase/auth/internal/handler/auth.go:414.2,416.46 3 0
github.com/excalibase/auth/internal/handler/auth.go:416.46,419.3 2 0
github.com/excalibase/auth/internal/handler/auth.go:421.2,432.16 2 0
github.com/excalibase/auth/internal/handler/auth.go:432.16,434.3 1 0
github.com/excalibase/auth/internal/handler/auth.go:435.2,439.8 1 0
github.com/excalibase/auth/internal/handler/auth.go:445.69,448.61 3 0
github.com/excalibase/auth/internal/handler/auth.go:448.61,451.3 2 0
github.com/excalibase/auth/internal/handler/auth.go:453.2,458.23 2 0
github.com/excalibase/auth/internal/handler/auth.go:459.18,460.78 1 0
github.com/excalibase/auth/internal/handler/auth.go:461.17,462.63 1 0
github.com/excalibase/auth/internal/handler/auth.go:463.23,464.75 1 0
github.com/excalibase/auth/internal/handler/auth.go:465.10,467.9 2 0
github.com/excalibase/auth/internal/handler/auth.go:469.2,469.16 1 0
github.com/excalibase/auth/internal/handler/auth.go:469.16,472.3 2 0
github.com/excalibase/auth/internal/handler/auth.go:473.2,473.20 1 0
github.com/excalibase/auth/internal/handler/auth.go:476.54,479.2 2 0
github.com/excalibase/auth/internal/handler/auth.go:481.61,488.2 3 0
github.com/excalibase/auth/internal/handler/auth.go:495.31,497.2 1 0
github.com/excalibase/auth/internal/middleware/cors.go:10.68,13.35 3 0
github.com/excalibase/auth/internal/middleware/cors.go:13.35,15.3 1 0
github.com/excalibase/auth/internal/middleware/cors.go:17.2,17.46 1 0
github.com/excalibase/auth/internal/middleware/cors.go:17.46,18.72 1 0
github.com/excalibase/auth/internal/middleware/cors.go:18.72,21.20 2 0
github.com/excalibase/auth/internal/middleware/cors.go:21.20,23.16 2 0
github.com/excalibase/auth/internal/middleware/cors.go:23.16,27.6 3 0
github.com/excalibase/auth/internal/middleware/cors.go:31.4,31.38 1 0
github.com/excalibase/auth/internal/middleware/cors.go:31.38,32.56 1 0
github.com/excalibase/auth/internal/middleware/cors.go:32.56,40.6 3 0
github.com/excalibase/auth/internal/middleware/cors.go:41.5,42.11 2 0
github.com/excalibase/auth/internal/middleware/cors.go:45.4,45.24 1 0
github.com/excalibase/auth/internal/middleware/require_jwt.go:24.74,25.46 1 0
github.com/excalibase/auth/internal/middleware/require_jwt.go:25.46,26.72 1 0
github.com/excalibase/auth/internal/middleware/require_jwt.go:26.72,28.24 2 0
github.com/excalibase/auth/internal/middleware/require_jwt.go:28.24,31.5 2 0
github.com/excalibase/auth/internal/middleware/require_jwt.go:32.4,33.46 2 0
github.com/excalibase/auth/internal/middleware/require_jwt.go:33.46,36.5 2 0
github.com/excalibase/auth/internal/middleware/require_jwt.go:37.4,39.18 3 0
github.com/excalibase/auth/internal/middleware/require_jwt.go:39.18,42.5 2 0
github.com/excalibase/auth/internal/middleware/require_jwt.go:43.4,44.41 2 0
github.com/excalibase/auth/internal/middleware/require_jwt.go:51.58,54.2 2 0
github.com/excalibase/auth/internal/middleware/require_jwt.go:56.59,63.2 3 0
github.com/excalibase/auth/internal/middleware/security_headers.go:6.54,7.71 1 0
github.com/excalibase/auth/internal/middleware/security_headers.go:7.71,12.3 4 0
github.com/excalibase/auth/internal/middleware/tenant_context.go:37.52,38.71 1 0
github.com/excalibase/auth/internal/middleware/tenant_context.go:38.71,42.22 3 0
github.com/excalibase/auth/internal/middleware/tenant_context.go:42.22,48.4 4 0
github.com/excalibase/auth/internal/middleware/tenant_context.go:50.3,50.23 1 0
github.com/excalibase/auth/internal/middleware/tenant_context.go:57.62,59.20 2 0
github.com/excalibase/auth/internal/middleware/tenant_context.go:59.20,61.3 1 0
github.com/excalibase/auth/internal/middleware/tenant_context.go:62.2,62.16 1 0
github.com/excalibase/auth/internal/middleware/tenant_context.go:67.61,69.20 2 0
github.com/excalibase/auth/internal/middleware/tenant_context.go:69.20,71.3 1 0
github.com/excalibase/auth/internal/middleware/tenant_context.go:72.2,72.16 1 0
github.com/excalibase/auth/internal/migrate/migrate.go:20.32,21.50 1 0
github.com/excalibase/auth/internal/migrate/migrate.go:21.50,23.3 1 0
github.com/excalibase/auth/internal/migrate/migrate.go:25.2,26.16 2 0
github.com/excalibase/auth/internal/migrate/migrate.go:26.16,28.3 1 0
github.com/excalibase/auth/internal/migrate/migrate.go:30.2,30.61 1 0
github.com/excalibase/auth/internal/migrate/migrate.go:30.61,32.3 1 0
github.com/excalibase/auth/internal/migrate/migrate.go:33.2,33.12 1 0
github.com/excalibase/auth/internal/migrate/migrate.go:39.45,44.16 5 0
github.com/excalibase/auth/internal/migrate/migrate.go:44.16,46.3 1 0
github.com/excalibase/auth/internal/migrate/migrate.go:47.2,49.18 3 0
github.com/excalibase/auth/internal/migrate/migrate.go:49.18,51.3 1 0
github.com/excalibase/auth/internal/migrate/migrate.go:53.2,59.16 5 0
github.com/excalibase/auth/internal/migrate/migrate.go:59.16,61.3 1 0
github.com/excalibase/auth/internal/migrate/migrate.go:62.2,65.12 3 0
github.com/excalibase/auth/internal/migrate/migrate.go:70.33,72.16 2 0
github.com/excalibase/auth/internal/migrate/migrate.go:72.16,74.3 1 0
github.com/excalibase/auth/internal/migrate/migrate.go:76.2,76.63 1 0
github.com/excalibase/auth/internal/migrate/migrate.go:76.63,78.3 1 0
github.com/excalibase/auth/internal/migrate/migrate.go:79.2,79.12 1 0
github.com/excalibase/auth/internal/migrate/migrate.go:82.59,84.16 2 0
github.com/excalibase/auth/internal/migrate/migrate.go:84.16,86.3 1 0
github.com/excalibase/auth/internal/migrate/migrate.go:88.2,89.16 2 0
github.com/excalibase/auth/internal/migrate/migrate.go:89.16,91.3 1 0
github.com/excalibase/auth/internal/migrate/migrate.go:93.2,94.16 2 0
github.com/excalibase/auth/internal/migrate/migrate.go:94.16,96.3 1 0
github.com/excalibase/auth/internal/migrate/migrate.go:98.2,99.16 2 0
github.com/excalibase/auth/internal/migrate/migrate.go:99.16,101.3 1 0
github.com/excalibase/auth/internal/migrate/migrate.go:102.2,102.15 1 0
github.com/excalibase/auth/internal/migrate/migrate.go:107.51,109.79 1 0
github.com/excalibase/auth/internal/migrate/migrate.go:109.79,110.32 1 0
github.com/excalibase/auth/internal/migrate/migrate.go:110.32,112.4 1 0
github.com/excalibase/auth/internal/migrate/migrate.go:113.3,113.22 1 0
github.com/excalibase/auth/internal/migrate/migrate.go:117.2,121.16 5 0
github.com/excalibase/auth/internal/migrate/migrate.go:121.16,123.3 1 0
github.com/excalibase/auth/internal/migrate/migrate.go:124.2,126.18 3 0
github.com/excalibase/auth/internal/migrate/migrate.go:126.18,128.3 1 0
github.com/excalibase/auth/internal/migrate/migrate.go:129.2,130.19 2 0
github.com/excalibase/auth/internal/migrate/migrate.go:130.19,132.3 1 0
github.com/excalibase/auth/internal/migrate/migrate.go:135.2,135.165 1 0
github.com/excalibase/auth/internal/migrate/migrate.go:138.42,143.30 5 0
github.com/excalibase/auth/internal/migrate/migrate.go:143.30,145.12 2 0
github.com/excalibase/auth/internal/migrate/migrate.go:145.12,146.16 1 0
github.com/excalibase/auth/internal/migrate/migrate.go:146.16,148.5 1 0
github.com/excalibase/auth/internal/migrate/migrate.go:148.10,148.23 1 0
github.com/excalibase/auth/internal/migrate/migrate.go:148.23,150.5 1 0
github.com/excalibase/auth/internal/migrate/migrate.go:151.9,152.33 1 0
github.com/excalibase/auth/internal/migrate/migrate.go:152.33,153.17 1 0
github.com/excalibase/auth/internal/migrate/migrate.go:153.17,155.6 1 0
github.com/excalibase/auth/internal/migrate/migrate.go:156.5,159.17 4 0
github.com/excalibase/auth/internal/migrate/migrate.go:160.10,162.5 1 0
github.com/excalibase/auth/internal/migrate/migrate.go:165.2,165.15 1 0
github.com/excalibase/auth/internal/pool/manager.go:49.74,59.2 1 0
github.com/excalibase/auth/internal/pool/manager.go:61.83,63.2 1 0
github.com/excalibase/auth/internal/pool/manager.go:68.98,73.47 4 0
github.com/excalibase/auth/internal/pool/manager.go:73.47,75.3 1 0
github.com/excalibase/auth/internal/pool/manager.go:77.2,77.46 1 0
github.com/excalibase/auth/internal/pool/manager.go:80.101,82.16 2 0
github.com/excalibase/auth/internal/pool/manager.go:82.16,85.3 2 0
github.com/excalibase/auth/internal/pool/manager.go:87.2,97.67 6 0
github.com/excalibase/auth/internal/pool/manager.go:97.67,102.3 4 0
github.com/excalibase/auth/internal/pool/manager.go:104.2,105.16 2 0
github.com/excalibase/auth/internal/pool/manager.go:105.16,107.3 1 0
github.com/excalibase/auth/internal/pool/manager.go:110.2,110.38 1 0
github.com/excalibase/auth/internal/pool/manager.go:110.38,111.50 1 0
github.com/excalibase/auth/internal/pool/manager.go:111.50,113.4 1 0
github.com/excalibase/auth/internal/pool/manager.go:116.2,118.58 2 0
github.com/excalibase/auth/internal/pool/manager.go:118.58,120.3 1 0
github.com/excalibase/auth/internal/pool/manager.go:121.2,124.18 3 0
github.com/excalibase/auth/internal/pool/manager.go:127.111,136.16 5 0
github.com/excalibase/auth/internal/pool/manager.go:136.16,138.3 1 0
github.com/excalibase/auth/internal/pool/manager.go:139.2,142.16 3 0
github.com/excalibase/auth/internal/pool/manager.go:142.16,144.3 1 0
github.com/excalibase/auth/internal/pool/manager.go:145.2,147.28 2 0
github.com/excalibase/auth/internal/pool/manager.go:147.28,149.3 1 0
github.com/excalibase/auth/internal/pool/manager.go:151.2,152.66 2 0
github.com/excalibase/auth/internal/pool/manager.go:152.66,154.3 1 0
github.com/excalibase/auth/internal/pool/manager.go:155.2,155.19 1 0
github.com/excalibase/auth/internal/pool/manager.go:163.94,165.80 2 0
github.com/excalibase/auth/internal/pool/manager.go:165.80,169.3 3 0
github.com/excalibase/auth/internal/pool/manager.go:170.2,174.16 4 0
github.com/excalibase/auth/internal/pool/manager.go:174.16,176.3 1 0
github.com/excalibase/auth/internal/pool/manager.go:177.2,179.16 3 0
github.com/excalibase/auth/internal/pool/manager.go:179.16,181.3 1 0
github.com/excalibase/auth/internal/pool/manager.go:182.2,183.28 2 0
github.com/excalibase/auth/internal/pool/manager.go:183.28,185.3 1 0
github.com/excalibase/auth/internal/pool/manager.go:186.2,187.65 2 0
github.com/excalibase/auth/internal/pool/manager.go:187.65,189.3 1 0
github.com/excalibase/auth/internal/pool/manager.go:191.2,194.18 4 0
github.com/excalibase/auth/internal/pool/manager.go:197.85,199.16 2 0
github.com/excalibase/auth/internal/pool/manager.go:199.16,201.3 1 0
github.com/excalibase/auth/internal/pool/manager.go:202.2,207.43 6 0
github.com/excalibase/auth/internal/service/apikey.go:43.82,45.17 2 0
github.com/excalibase/auth/internal/service/apikey.go:46.26,47.35 1 0
github.com/excalibase/auth/internal/service/apikey.go:48.21,49.30 1 0
github.com/excalibase/auth/internal/service/apikey.go:50.10,51.69 1 0
github.com/excalibase/auth/internal/service/apikey.go:54.2,55.16 2 0
github.com/excalibase/auth/internal/service/apikey.go:55.16,57.3 1 0
github.com/excalibase/auth/internal/service/apikey.go:59.2,62.37 4 0
github.com/excalibase/auth/internal/service/apikey.go:68.42,71.2 2 0
github.com/excalibase/auth/internal/service/apikey.go:73.42,76.25 3 0
github.com/excalibase/auth/internal/service/apikey.go:76.25,78.17 2 0
github.com/excalibase/auth/internal/service/apikey.go:78.17,80.4 1 0
github.com/excalibase/auth/internal/service/apikey.go:81.3,81.39 1 0
github.com/excalibase/auth/internal/service/apikey.go:83.2,83.25 1 0
github.com/excalibase/auth/cmd/server/main.go:21.13,24.31 2 0
github.com/excalibase/auth/cmd/server/main.go:24.31,26.3 1 0
github.com/excalibase/auth/cmd/server/main.go:29.2,30.16 2 0
github.com/excalibase/auth/cmd/server/main.go:30.16,32.3 1 0
github.com/excalibase/auth/cmd/server/main.go:35.2,36.16 2 0
github.com/excalibase/auth/cmd/server/main.go:36.16,38.3 1 0
github.com/excalibase/auth/cmd/server/main.go:41.2,42.70 2 0
github.com/excalibase/auth/cmd/server/main.go:42.70,44.3 1 0
github.com/excalibase/auth/cmd/server/main.go:47.2,56.65 7 0
github.com/excalibase/auth/cmd/server/main.go:56.65,58.3 1 0
github.com/excalibase/auth/cmd/server/main.go:60.2,60.79 1 0
github.com/excalibase/auth/cmd/server/main.go:60.79,63.3 2 0
github.com/excalibase/auth/cmd/server/main.go:65.2,69.53 4 0
github.com/excalibase/auth/cmd/server/main.go:69.53,71.3 1 0
github.com/excalibase/auth/cmd/server/main.go:74.67,77.16 3 0
github.com/excalibase/auth/cmd/server/main.go:77.16,79.3 1 0
github.com/excalibase/auth/cmd/server/main.go:80.2,84.16 4 0
github.com/excalibase/auth/cmd/server/main.go:84.16,86.3 1 0
github.com/excalibase/auth/cmd/server/main.go:87.2,89.28 2 0
github.com/excalibase/auth/cmd/server/main.go:89.28,91.3 1 0
github.com/excalibase/auth/cmd/server/main.go:93.2,94.65 2 0
github.com/excalibase/auth/cmd/server/main.go:94.65,96.3 1 0
github.com/excalibase/auth/cmd/server/main.go:98.2,99.22 2 0
github.com/excalibase/auth/cmd/server/main.go:99.22,101.3 1 0
github.com/excalibase/auth/cmd/server/main.go:102.2,102.17 1 0
github.com/excalibase/auth/cmd/server/main.go:21.13,24.31 2 0
github.com/excalibase/auth/cmd/server/main.go:24.31,26.3 1 0
github.com/excalibase/auth/cmd/server/main.go:29.2,30.16 2 0
github.com/excalibase/auth/cmd/server/main.go:30.16,32.3 1 0
github.com/excalibase/auth/cmd/server/main.go:35.2,36.16 2 0
github.com/excalibase/auth/cmd/server/main.go:36.16,38.3 1 0
github.com/excalibase/auth/cmd/server/main.go:41.2,42.70 2 0
github.com/excalibase/auth/cmd/server/main.go:42.70,44.3 1 0
github.com/excalibase/auth/cmd/server/main.go:47.2,56.65 7 0
github.com/excalibase/auth/cmd/server/main.go:56.65,58.3 1 0
github.com/excalibase/auth/cmd/server/main.go:60.2,60.79 1 0
github.com/excalibase/auth/cmd/server/main.go:60.79,63.3 2 0
github.com/excalibase/auth/cmd/server/main.go:65.2,69.53 4 0
github.com/excalibase/auth/cmd/server/main.go:69.53,71.3 1 0
github.com/excalibase/auth/cmd/server/main.go:74.67,77.16 3 0
github.com/excalibase/auth/cmd/server/main.go:77.16,79.3 1 0
github.com/excalibase/auth/cmd/server/main.go:80.2,84.16 4 0
github.com/excalibase/auth/cmd/server/main.go:84.16,86.3 1 0
github.com/excalibase/auth/cmd/server/main.go:87.2,89.28 2 0
github.com/excalibase/auth/cmd/server/main.go:89.28,91.3 1 0
github.com/excalibase/auth/cmd/server/main.go:93.2,94.65 2 0
github.com/excalibase/auth/cmd/server/main.go:94.65,96.3 1 0
github.com/excalibase/auth/cmd/server/main.go:98.2,99.22 2 0
github.com/excalibase/auth/cmd/server/main.go:99.22,101.3 1 0
github.com/excalibase/auth/cmd/server/main.go:102.2,102.17 1 0
github.com/excalibase/auth/internal/auth/jwt.go:56.94,58.18 2 1
github.com/excalibase/auth/internal/auth/jwt.go:58.18,60.3 1 1
github.com/excalibase/auth/internal/auth/jwt.go:62.2,63.16 2 1
github.com/excalibase/auth/internal/auth/jwt.go:63.16,65.3 1 1
github.com/excalibase/auth/internal/auth/jwt.go:67.2,72.8 1 1
github.com/excalibase/auth/internal/auth/jwt.go:75.58,91.24 3 1
github.com/excalibase/auth/internal/auth/jwt.go:91.24,93.3 1 1
github.com/excalibase/auth/internal/auth/jwt.go:94.2,94.23 1 1
github.com/excalibase/auth/internal/auth/jwt.go:94.23,96.3 1 1
github.com/excalibase/auth/internal/auth/jwt.go:97.2,97.81 1 1
github.com/excalibase/auth/internal/auth/jwt.go:101.43,108.34 6 1
github.com/excalibase/auth/internal/auth/jwt.go:108.34,110.3 1 0
github.com/excalibase/auth/internal/auth/jwt.go:110.8,110.41 1 1
github.com/excalibase/auth/internal/auth/jwt.go:110.41,112.3 1 0
github.com/excalibase/auth/internal/auth/jwt.go:114.2,126.3 1 1
github.com/excalibase/auth/internal/auth/jwt.go:129.42,130.20 1 1
github.com/excalibase/auth/internal/auth/jwt.go:130.20,132.3 1 1
github.com/excalibase/auth/internal/auth/jwt.go:133.2,135.15 3 0
github.com/excalibase/auth/internal/auth/jwt.go:141.66,142.83 1 1
github.com/excalibase/auth/internal/auth/jwt.go:142.83,143.59 1 1
github.com/excalibase/auth/internal/auth/jwt.go:143.59,145.4 1 0
github.com/excalibase/auth/internal/auth/jwt.go:146.3,146.26 1 1
github.com/excalibase/auth/internal/auth/jwt.go:148.2,148.16 1 1
github.com/excalibase/auth/internal/auth/jwt.go:148.16,150.3 1 1
github.com/excalibase/auth/internal/auth/jwt.go:152.2,153.25 2 1
github.com/excalibase/auth/internal/auth/jwt.go:153.25,155.3 1 0
github.com/excalibase/auth/internal/auth/jwt.go:157.2,176.8 10 1
github.com/excalibase/auth/internal/auth/password.go:22.52,24.43 2 1
github.com/excalibase/auth/internal/auth/password.go:24.43,26.3 1 0
github.com/excalibase/auth/internal/auth/password.go:28.2,35.8 2 1
github.com/excalibase/auth/internal/auth/password.go:39.48,40.58 1 1
github.com/excalibase/auth/internal/auth/password.go:40.58,42.3 1 1
github.com/excalibase/auth/internal/auth/password.go:43.2,43.38 1 1
github.com/excalibase/auth/internal/auth/password.go:46.51,48.21 2 1
github.com/excalibase/auth/internal/auth/password.go:48.21,50.3 1 0
github.com/excalibase/auth/internal/auth/password.go:52.2,53.66 2 1
github.com/excalibase/auth/internal/auth/password.go:53.66,55.3 1 0
github.com/excalibase/auth/internal/auth/password.go:57.2,59.92 3 1
github.com/excalibase/auth/internal/auth/password.go:59.92,61.3 1 0
github.com/excalibase/auth/internal/auth/password.go:63.2,64.16 2 1
github.com/excalibase/auth/internal/auth/password.go:64.16,66.3 1 0
github.com/excalibase/auth/internal/auth/password.go:68.2,69.16 2 1
github.com/excalibase/auth/internal/auth/password.go:69.16,71.3 1 0
github.com/excalibase/auth/internal/auth/password.go:73.2,74.58 2 1
github.com/excalibase/auth/internal/config/config.go:20.20,26.39 3 0
github.com/excalibase/auth/internal/config/config.go:26.39,28.3 1 0
github.com/excalibase/auth/internal/config/config.go:29.2,30.20 2 0
github.com/excalibase/auth/internal/config/config.go:30.20,33.3 1 0
github.com/excalibase/auth/internal/config/config.go:34.2,42.3 1 0
github.com/excalibase/auth/internal/config/config.go:45.44,46.15 1 0
github.com/excalibase/auth/internal/config/config.go:46.15,48.3 1 0
github.com/excalibase/auth/internal/config/config.go:49.2,49.16 1 0
github.com/excalibase/auth/internal/config/config.go:49.16,51.3 1 0
github.com/excalibase/auth/internal/config/config.go:52.2,54.26 3 0
github.com/excalibase/auth/internal/config/config.go:54.26,56.14 2 0
github.com/excalibase/auth/internal/config/config.go:56.14,58.4 1 0
github.com/excalibase/auth/internal/config/config.go:60.2,60.23 1 0
github.com/excalibase/auth/internal/config/config.go:60.23,62.3 1 0
github.com/excalibase/auth/internal/config/config.go:63.2,63.16 1 0
github.com/excalibase/auth/internal/config/config.go:66.41,67.34 1 0
github.com/excalibase/auth/internal/config/config.go:67.34,69.3 1 0
github.com/excalibase/auth/internal/config/config.go:70.2,70.17 1 0
github.com/excalibase/auth/internal/config/config.go:73.43,74.34 1 0
github.com/excalibase/auth/internal/config/config.go:74.34,75.44 1 0
github.com/excalibase/auth/internal/config/config.go:75.44,77.4 1 0
github.com/excalibase/auth/internal/config/config.go:79.2,79.17 1 0
github.com/excalibase/auth/internal/handler/apikey.go:20.50,24.2 3 0
github.com/excalibase/auth/internal/handler/apikey.go:28.76,31.19 3 0
github.com/excalibase/auth/internal/handler/apikey.go:31.19,34.3 2 0
github.com/excalibase/auth/internal/handler/apikey.go:36.2,37.61 2 0
github.com/excalibase/auth/internal/handler/apikey.go:37.61,40.3 2 0
github.com/excalibase/auth/internal/handler/apikey.go:41.2,41.103 1 0
github.com/excalibase/auth/internal/handler/apikey.go:41.103,44.3 2 0
github.com/excalibase/auth/internal/handler/apikey.go:46.2,47.16 2 0
github.com/excalibase/auth/internal/handler/apikey.go:47.16,50.3 2 0
github.com/excalibase/auth/internal/handler/apikey.go:52.2,53.16 2 0
github.com/excalibase/auth/internal/handler/apikey.go:53.16,56.3 2 0
github.com/excalibase/auth/internal/handler/apikey.go:58.2,68.16 3 0
github.com/excalibase/auth/internal/handler/apikey.go:68.16,71.3 2 0
github.com/excalibase/auth/internal/handler/apikey.go:73.2,81.4 2 0
github.com/excalibase/auth/internal/handler/apikey.go:86.75,88.54 2 0
github.com/excalibase/auth/internal/handler/apikey.go:88.54,91.3 2 0
github.com/excalibase/auth/internal/handler/apikey.go:93.2,94.16 2 0
github.com/excalibase/auth/internal/handler/apikey.go:94.16,97.3 2 0
github.com/excalibase/auth/internal/handler/apikey.go:99.2,105.16 2 0
github.com/excalibase/auth/internal/handler/apikey.go:105.16,108.3 2 0
github.com/excalibase/auth/internal/handler/apikey.go:109.2,112.18 3 0
github.com/excalibase/auth/internal/handler/apikey.go:112.18,116.112 4 0
github.com/excalibase/auth/internal/handler/apikey.go:116.112,119.4 2 0
github.com/excalibase/auth/internal/handler/apikey.go:120.3,121.22 2 0
github.com/excalibase/auth/internal/handler/apikey.go:121.22,124.4 2 0
github.com/excalibase/auth/internal/handler/apikey.go:125.3,125.28 1 0
github.com/excalibase/auth/internal/handler/apikey.go:128.2,128.52 1 0
github.com/excalibase/auth/internal/handler/apikey.go:133.76,136.19 3 0
github.com/excalibase/auth/internal/handler/apikey.go:136.19,139.3 2 0
github.com/excalibase/auth/internal/handler/apikey.go:141.2,143.16 3 0
github.com/excalibase/auth/internal/handler/apikey.go:143.16,146.3 2 0
github.com/excalibase/auth/internal/handler/apikey.go:148.2,149.16 2 0
github.com/excalibase/auth/internal/handler/apikey.go:149.16,152.3 2 0
github.com/excalibase/auth/internal/handler/apikey.go:154.2,160.16 2 0
github.com/excalibase/auth/internal/handler/apikey.go:160.16,163.3 2 0
github.com/excalibase/auth/internal/handler/apikey.go:164.2,164.29 1 0
github.com/excalibase/auth/internal/handler/apikey.go:164.29,169.3 2 0
github.com/excalibase/auth/internal/handler/apikey.go:170.2,170.20 1 0
github.com/excalibase/auth/internal/handler/auth.go:43.113,45.2 1 0
github.com/excalibase/auth/internal/handler/auth.go:47.44,48.55 1 0
github.com/excalibase/auth/internal/handler/auth.go:48.55,62.30 8 0
github.com/excalibase/auth/internal/handler/auth.go:62.30,65.4 2 0
github.com/excalibase/auth/internal/handler/auth.go:71.41,75.2 3 0
github.com/excalibase/auth/internal/handler/auth.go:77.72,82.61 5 0
github.com/excalibase/auth/internal/handler/auth.go:82.61,85.3 2 0
github.com/excalibase/auth/internal/handler/auth.go:86.2,86.65 1 0
github.com/excalibase/auth/internal/handler/auth.go:86.65,89.3 2 0
github.com/excalibase/auth/internal/handler/auth.go:91.2,94.16 3 0
github.com/excalibase/auth/internal/handler/auth.go:94.16,97.3 2 0
github.com/excalibase/auth/internal/handler/auth.go:100.2,102.12 3 0
github.com/excalibase/auth/internal/handler/auth.go:102.12,105.3 2 0
github.com/excalibase/auth/internal/handler/auth.go:108.2,109.16 2 0
github.com/excalibase/auth/internal/handler/auth.go:109.16,112.3 2 0
github.com/excalibase/auth/internal/handler/auth.go:115.2,121.16 3 0
github.com/excalibase/auth/internal/handler/auth.go:121.16,124.3 2 0
github.com/excalibase/auth/internal/handler/auth.go:126.2,127.16 2 0
github.com/excalibase/auth/internal/handler/auth.go:127.16,130.3 2 0
github.com/excalibase/auth/internal/handler/auth.go:132.2,133.20 2 0
github.com/excalibase/auth/internal/handler/auth.go:136.69,141.61 5 0
github.com/excalibase/auth/internal/handler/auth.go:141.61,144.3 2 0
github.com/excalibase/auth/internal/handler/auth.go:145.2,147.16 3 0
github.com/excalibase/auth/internal/handler/auth.go:147.16,151.3 3 0
github.com/excalibase/auth/internal/handler/auth.go:152.2,152.20 1 0
github.com/excalibase/auth/internal/handler/auth.go:157.127,159.16 2 0
github.com/excalibase/auth/internal/handler/auth.go:159.16,161.3 1 0
github.com/excalibase/auth/internal/handler/auth.go:163.2,168.16 3 0
github.com/excalibase/auth/internal/handler/auth.go:168.16,170.3 1 0
github.com/excalibase/auth/internal/handler/auth.go:171.2,171.19 1 0
github.com/excalibase/auth/internal/handler/auth.go:171.19,173.3 1 0
github.com/excalibase/auth/internal/handler/auth.go:174.2,174.50 1 0
github.com/excalibase/auth/internal/handler/auth.go:174.50,176.3 1 0
github.com/excalibase/auth/internal/handler/auth.go:178.2,181.16 3 0
github.com/excalibase/auth/internal/handler/auth.go:181.16,183.3 1 0
github.com/excalibase/auth/internal/handler/auth.go:184.2,184.23 1 0
github.com/excalibase/auth/internal/handler/auth.go:187.72,189.61 2 0
github.com/excalibase/auth/internal/handler/auth.go:189.61,192.3 2 0
github.com/excalibase/auth/internal/handler/auth.go:194.2,195.16 2 0
github.com/excalibase/auth/internal/handler/auth.go:195.16,198.3 2 0
github.com/excalibase/auth/internal/handler/auth.go:200.2,206.4 1 0
github.com/excalibase/auth/internal/handler/auth.go:209.71,212.61 3 0
github.com/excalibase/auth/internal/handler/auth.go:212.61,215.3 2 0
github.com/excalibase/auth/internal/handler/auth.go:216.2,217.16 2 0
github.com/excalibase/auth/internal/handler/auth.go:217.16,220.3 2 0
github.com/excalibase/auth/internal/handler/auth.go:221.2,221.20 1 0
github.com/excalibase/auth/internal/handler/auth.go:227.128,229.16 2 0
github.com/excalibase/auth/internal/handler/auth.go:229.16,231.3 1 0
github.com/excalibase/auth/internal/handler/auth.go:233.2,240.16 5 0
github.com/excalibase/auth/internal/handler/auth.go:240.16,242.3 1 0
github.com/excalibase/auth/internal/handler/auth.go:243.2,243.13 1 0
github.com/excalibase/auth/internal/handler/auth.go:243.13,245.3 1 0
github.com/excalibase/auth/internal/handler/auth.go:246.2,246.34 1 0
github.com/excalibase/auth/internal/handler/auth.go:246.34,248.3 1 0
github.com/excalibase/auth/internal/handler/auth.go:250.2,255.40 3 0
github.com/excalibase/auth/internal/handler/auth.go:255.40,260.3 1 0
github.com/excalibase/auth/internal/handler/auth.go:262.2,263.16 2 0
github.com/excalibase/auth/internal/handler/auth.go:263.16,265.3 1 0
github.com/excalibase/auth/internal/handler/auth.go:266.2,266.23 1 0
github.com/excalibase/auth/internal/handler/auth.go:279.116,280.18 1 0
github.com/excalibase/auth/internal/handler/auth.go:280.18,282.3 1 0
github.com/excalibase/auth/internal/handler/auth.go:283.2,284.16 2 0
github.com/excalibase/auth/internal/handler/auth.go:284.16,286.3 1 0
github.com/excalibase/auth/internal/handler/auth.go:288.2,298.16 4 0
github.com/excalibase/auth/internal/handler/auth.go:298.16,300.3 1 0
github.com/excalibase/auth/internal/handler/auth.go:302.2,305.22 3 0
github.com/excalibase/auth/internal/handler/auth.go:305.22,307.3 1 0
github.com/excalibase/auth/internal/handler/auth.go:308.2,309.16 2 0
github.com/excalibase/auth/internal/handler/auth.go:309.16,311.3 1 0
github.com/excalibase/auth/internal/handler/auth.go:312.2,312.23 1 0
github.com/excalibase/auth/internal/handler/auth.go:315.70,318.61 3 0
github.com/excalibase/auth/internal/handler/auth.go:318.61,321.3 2 0
github.com/excalibase/auth/internal/handler/auth.go:323.2,324.16 2 0
github.com/excalibase/auth/internal/handler/auth.go:324.16,327.3 2 0
github.com/excalibase/auth/internal/handler/auth.go:329.2,330.71 2 0
github.com/excalibase/auth/internal/handler/auth.go:333.147,341.79 4 0
github.com/excalibase/auth/internal/handler/auth.go:341.79,342.29 1 0
github.com/excalibase/auth/internal/handler/auth.go:342.29,344.4 1 0
github.com/excalibase/auth/internal/handler/auth.go:345.3,345.25 1 0
github.com/excalibase/auth/internal/handler/auth.go:345.25,347.4 1 0
github.com/excalibase/auth/internal/handler/auth.go:348.3,348.25 1 0
github.com/excalibase/auth/internal/handler/auth.go:348.25,350.4 1 0
github.com/excalibase/auth/internal/handler/auth.go:353.2,366.16 2 0
github.com/excalibase/auth/internal/handler/auth.go:366.16,368.3 1 0
github.com/excalibase/auth/internal/handler/auth.go:370.2,374.17 4 0
github.com/excalibase/auth/internal/handler/auth.go:374.17,379.3 1 0
github.com/excalibase/auth/internal/handler/auth.go:381.2,387.8 1 0
github.com/excalibase/auth/internal/handler/auth.go:397.152,402.79 4 0
github.com/excalibase/auth/internal/handler/auth.go:402.79,403.29 1 0
github.com/excalibase/auth/internal/handler/auth.go:403.29,405.4 1 0
github.com/excalibase/auth/internal/handler/auth.go:406.3,406.25 1 0
github.com/excalibase/auth/internal/handler/auth.go:406.25,408.4 1 0
github.com/excalibase/auth/internal/handler/auth.go:409.3,409.25 1 0
github.com/excalibase/auth/internal/handler/auth.go:409.25,411.4 1 0
github.com/excalibase/auth/internal/handler/auth.go:414.2,416.46 3 0
github.com/excalibase/auth/internal/handler/auth.go:416.46,419.3 2 0
github.com/excalibase/auth/internal/handler/auth.go:421.2,432.16 2 0
github.com/excalibase/auth/internal/handler/auth.go:432.16,434.3 1 0
github.com/excalibase/auth/internal/handler/auth.go:435.2,439.8 1 0
github.com/excalibase/auth/internal/handler/auth.go:445.69,448.61 3 0
github.com/excalibase/auth/internal/handler/auth.go:448.61,451.3 2 0
github.com/excalibase/auth/internal/handler/auth.go:453.2,458.23 2 0
github.com/excalibase/auth/internal/handler/auth.go:459.18,460.78 1 0
github.com/excalibase/auth/internal/handler/auth.go:461.17,462.63 1 0
github.com/excalibase/auth/internal/handler/auth.go:463.23,464.75 1 0
github.com/excalibase/auth/internal/handler/auth.go:465.10,467.9 2 0
github.com/excalibase/auth/internal/handler/auth.go:469.2,469.16 1 0
github.com/excalibase/auth/internal/handler/auth.go:469.16,472.3 2 0
github.com/excalibase/auth/internal/handler/auth.go:473.2,473.20 1 0
github.com/excalibase/auth/internal/handler/auth.go:476.54,479.2 2 0
github.com/excalibase/auth/internal/handler/auth.go:481.61,488.2 3 0
github.com/excalibase/auth/internal/handler/auth.go:495.31,497.2 1 0
github.com/excalibase/auth/internal/middleware/cors.go:10.68,13.35 3 0
github.com/excalibase/auth/internal/middleware/cors.go:13.35,15.3 1 0
github.com/excalibase/auth/internal/middleware/cors.go:17.2,17.46 1 0
github.com/excalibase/auth/internal/middleware/cors.go:17.46,18.72 1 0
github.com/excalibase/auth/internal/middleware/cors.go:18.72,21.20 2 0
github.com/excalibase/auth/internal/middleware/cors.go:21.20,23.16 2 0
github.com/excalibase/auth/internal/middleware/cors.go:23.16,27.6 3 0
github.com/excalibase/auth/internal/middleware/cors.go:31.4,31.38 1 0
github.com/excalibase/auth/internal/middleware/cors.go:31.38,32.56 1 0
github.com/excalibase/auth/internal/middleware/cors.go:32.56,40.6 3 0
github.com/excalibase/auth/internal/middleware/cors.go:41.5,42.11 2 0
github.com/excalibase/auth/internal/middleware/cors.go:45.4,45.24 1 0
github.com/excalibase/auth/internal/middleware/require_jwt.go:24.74,25.46 1 0
github.com/excalibase/auth/internal/middleware/require_jwt.go:25.46,26.72 1 0
github.com/excalibase/auth/internal/middleware/require_jwt.go:26.72,28.24 2 0
github.com/excalibase/auth/internal/middleware/require_jwt.go:28.24,31.5 2 0
github.com/excalibase/auth/internal/middleware/require_jwt.go:32.4,33.46 2 0
github.com/excalibase/auth/internal/middleware/require_jwt.go:33.46,36.5 2 0
github.com/excalibase/auth/internal/middleware/require_jwt.go:37.4,39.18 3 0
github.com/excalibase/auth/internal/middleware/require_jwt.go:39.18,42.5 2 0
github.com/excalibase/auth/internal/middleware/require_jwt.go:43.4,44.41 2 0
github.com/excalibase/auth/internal/middleware/require_jwt.go:51.58,54.2 2 0
github.com/excalibase/auth/internal/middleware/require_jwt.go:56.59,63.2 3 0
github.com/excalibase/auth/internal/middleware/security_headers.go:6.54,7.71 1 0
github.com/excalibase/auth/internal/middleware/security_headers.go:7.71,12.3 4 0
github.com/excalibase/auth/internal/middleware/tenant_context.go:37.52,38.71 1 0
github.com/excalibase/auth/internal/middleware/tenant_context.go:38.71,42.22 3 0
github.com/excalibase/auth/internal/middleware/tenant_context.go:42.22,48.4 4 0
github.com/excalibase/auth/internal/middleware/tenant_context.go:50.3,50.23 1 0
github.com/excalibase/auth/internal/middleware/tenant_context.go:57.62,59.20 2 0
github.com/excalibase/auth/internal/middleware/tenant_context.go:59.20,61.3 1 0
github.com/excalibase/auth/internal/middleware/tenant_context.go:62.2,62.16 1 0
github.com/excalibase/auth/internal/middleware/tenant_context.go:67.61,69.20 2 0
github.com/excalibase/auth/internal/middleware/tenant_context.go:69.20,71.3 1 0
github.com/excalibase/auth/internal/middleware/tenant_context.go:72.2,72.16 1 0
github.com/excalibase/auth/internal/migrate/migrate.go:20.32,21.50 1 0
github.com/excalibase/auth/internal/migrate/migrate.go:21.50,23.3 1 0
github.com/excalibase/auth/internal/migrate/migrate.go:25.2,26.16 2 0
github.com/excalibase/auth/internal/migrate/migrate.go:26.16,28.3 1 0
github.com/excalibase/auth/internal/migrate/migrate.go:30.2,30.61 1 0
github.com/excalibase/auth/internal/migrate/migrate.go:30.61,32.3 1 0
github.com/excalibase/auth/internal/migrate/migrate.go:33.2,33.12 1 0
github.com/excalibase/auth/internal/migrate/migrate.go:39.45,44.16 5 0
github.com/excalibase/auth/internal/migrate/migrate.go:44.16,46.3 1 0
github.com/excalibase/auth/internal/migrate/migrate.go:47.2,49.18 3 0
github.com/excalibase/auth/internal/migrate/migrate.go:49.18,51.3 1 0
github.com/excalibase/auth/internal/migrate/migrate.go:53.2,59.16 5 0
github.com/excalibase/auth/internal/migrate/migrate.go:59.16,61.3 1 0
github.com/excalibase/auth/internal/migrate/migrate.go:62.2,65.12 3 0
github.com/excalibase/auth/internal/migrate/migrate.go:70.33,72.16 2 0
github.com/excalibase/auth/internal/migrate/migrate.go:72.16,74.3 1 0
github.com/excalibase/auth/internal/migrate/migrate.go:76.2,76.63 1 0
github.com/excalibase/auth/internal/migrate/migrate.go:76.63,78.3 1 0
github.com/excalibase/auth/internal/migrate/migrate.go:79.2,79.12 1 0
github.com/excalibase/auth/internal/migrate/migrate.go:82.59,84.16 2 0
github.com/excalibase/auth/internal/migrate/migrate.go:84.16,86.3 1 0
github.com/excalibase/auth/internal/migrate/migrate.go:88.2,89.16 2 0
github.com/excalibase/auth/internal/migrate/migrate.go:89.16,91.3 1 0
github.com/excalibase/auth/internal/migrate/migrate.go:93.2,94.16 2 0
github.com/excalibase/auth/internal/migrate/migrate.go:94.16,96.3 1 0
github.com/excalibase/auth/internal/migrate/migrate.go:98.2,99.16 2 0
github.com/excalibase/auth/internal/migrate/migrate.go:99.16,101.3 1 0
github.com/excalibase/auth/internal/migrate/migrate.go:102.2,102.15 1 0
github.com/excalibase/auth/internal/migrate/migrate.go:107.51,109.79 1 0
github.com/excalibase/auth/internal/migrate/migrate.go:109.79,110.32 1 0
github.com/excalibase/auth/internal/migrate/migrate.go:110.32,112.4 1 0
github.com/excalibase/auth/internal/migrate/migrate.go:113.3,113.22 1 0
github.com/excalibase/auth/internal/migrate/migrate.go:117.2,121.16 5 0
github.com/excalibase/auth/internal/migrate/migrate.go:121.16,123.3 1 0
github.com/excalibase/auth/internal/migrate/migrate.go:124.2,126.18 3 0
github.com/excalibase/auth/internal/migrate/migrate.go:126.18,128.3 1 0
github.com/excalibase/auth/internal/migrate/migrate.go:129.2,130.19 2 0
github.com/excalibase/auth/internal/migrate/migrate.go:130.19,132.3 1 0
github.com/excalibase/auth/internal/migrate/migrate.go:135.2,135.165 1 0
github.com/excalibase/auth/internal/migrate/migrate.go:138.42,143.30 5 0
github.com/excalibase/auth/internal/migrate/migrate.go:143.30,145.12 2 0
github.com/excalibase/auth/internal/migrate/migrate.go:145.12,146.16 1 0
github.com/excalibase/auth/internal/migrate/migrate.go:146.16,148.5 1 0
github.com/excalibase/auth/internal/migrate/migrate.go:148.10,148.23 1 0
github.com/excalibase/auth/internal/migrate/migrate.go:148.23,150.5 1 0
github.com/excalibase/auth/internal/migrate/migrate.go:151.9,152.33 1 0
github.com/excalibase/auth/internal/migrate/migrate.go:152.33,153.17 1 0
github.com/excalibase/auth/internal/migrate/migrate.go:153.17,155.6 1 0
github.com/excalibase/auth/internal/migrate/migrate.go:156.5,159.17 4 0
github.com/excalibase/auth/internal/migrate/migrate.go:160.10,162.5 1 0
github.com/excalibase/auth/internal/migrate/migrate.go:165.2,165.15 1 0
github.com/excalibase/auth/internal/pool/manager.go:49.74,59.2 1 0
github.com/excalibase/auth/internal/pool/manager.go:61.83,63.2 1 0
github.com/excalibase/auth/internal/pool/manager.go:68.98,73.47 4 0
github.com/excalibase/auth/internal/pool/manager.go:73.47,75.3 1 0
github.com/excalibase/auth/internal/pool/manager.go:77.2,77.46 1 0
github.com/excalibase/auth/internal/pool/manager.go:80.101,82.16 2 0
github.com/excalibase/auth/internal/pool/manager.go:82.16,85.3 2 0
github.com/excalibase/auth/internal/pool/manager.go:87.2,97.67 6 0
github.com/excalibase/auth/internal/pool/manager.go:97.67,102.3 4 0
github.com/excalibase/auth/internal/pool/manager.go:104.2,105.16 2 0
github.com/excalibase/auth/internal/pool/manager.go:105.16,107.3 1 0
github.com/excalibase/auth/internal/pool/manager.go:110.2,110.38 1 0
github.com/excalibase/auth/internal/pool/manager.go:110.38,111.50 1 0
github.com/excalibase/auth/internal/pool/manager.go:111.50,113.4 1 0
github.com/excalibase/auth/internal/pool/manager.go:116.2,118.58 2 0
github.com/excalibase/auth/internal/pool/manager.go:118.58,120.3 1 0
github.com/excalibase/auth/internal/pool/manager.go:121.2,124.18 3 0
github.com/excalibase/auth/internal/pool/manager.go:127.111,136.16 5 0
github.com/excalibase/auth/internal/pool/manager.go:136.16,138.3 1 0
github.com/excalibase/auth/internal/pool/manager.go:139.2,142.16 3 0
github.com/excalibase/auth/internal/pool/manager.go:142.16,144.3 1 0
github.com/excalibase/auth/internal/pool/manager.go:145.2,147.28 2 0
github.com/excalibase/auth/internal/pool/manager.go:147.28,149.3 1 0
github.com/excalibase/auth/internal/pool/manager.go:151.2,152.66 2 0
github.com/excalibase/auth/internal/pool/manager.go:152.66,154.3 1 0
github.com/excalibase/auth/internal/pool/manager.go:155.2,155.19 1 0
github.com/excalibase/auth/internal/pool/manager.go:163.94,165.80 2 0
github.com/excalibase/auth/internal/pool/manager.go:165.80,169.3 3 0
github.com/excalibase/auth/internal/pool/manager.go:170.2,174.16 4 0
github.com/excalibase/auth/internal/pool/manager.go:174.16,176.3 1 0
github.com/excalibase/auth/internal/pool/manager.go:177.2,179.16 3 0
github.com/excalibase/auth/internal/pool/manager.go:179.16,181.3 1 0
github.com/excalibase/auth/internal/pool/manager.go:182.2,183.28 2 0
github.com/excalibase/auth/internal/pool/manager.go:183.28,185.3 1 0
github.com/excalibase/auth/internal/pool/manager.go:186.2,187.65 2 0
github.com/excalibase/auth/internal/pool/manager.go:187.65,189.3 1 0
github.com/excalibase/auth/internal/pool/manager.go:191.2,194.18 4 0
github.com/excalibase/auth/internal/pool/manager.go:197.85,199.16 2 0
github.com/excalibase/auth/internal/pool/manager.go:199.16,201.3 1 0
github.com/excalibase/auth/internal/pool/manager.go:202.2,207.43 6 0
github.com/excalibase/auth/internal/service/apikey.go:43.82,45.17 2 0
github.com/excalibase/auth/internal/service/apikey.go:46.26,47.35 1 0
github.com/excalibase/auth/internal/service/apikey.go:48.21,49.30 1 0
github.com/excalibase/auth/internal/service/apikey.go:50.10,51.69 1 0
github.com/excalibase/auth/internal/service/apikey.go:54.2,55.16 2 0
github.com/excalibase/auth/internal/service/apikey.go:55.16,57.3 1 0
github.com/excalibase/auth/internal/service/apikey.go:59.2,62.37 4 0
github.com/excalibase/auth/internal/service/apikey.go:68.42,71.2 2 0
github.com/excalibase/auth/internal/service/apikey.go:73.42,76.25 3 0
github.com/excalibase/auth/internal/service/apikey.go:76.25,78.17 2 0
github.com/excalibase/auth/internal/service/apikey.go:78.17,80.4 1 0
github.com/excalibase/auth/internal/service/apikey.go:81.3,81.39 1 0
github.com/excalibase/auth/internal/service/apikey.go:83.2,83.25 1 0
github.com/excalibase/auth/cmd/server/main.go:21.13,24.31 2 0
github.com/excalibase/auth/cmd/server/main.go:24.31,26.3 1 0
github.com/excalibase/auth/cmd/server/main.go:29.2,30.16 2 0
github.com/excalibase/auth/cmd/server/main.go:30.16,32.3 1 0
github.com/excalibase/auth/cmd/server/main.go:35.2,36.16 2 0
github.com/excalibase/auth/cmd/server/main.go:36.16,38.3 1 0
github.com/excalibase/auth/cmd/server/main.go:41.2,42.70 2 0
github.com/excalibase/auth/cmd/server/main.go:42.70,44.3 1 0
github.com/excalibase/auth/cmd/server/main.go:47.2,56.65 7 0
github.com/excalibase/auth/cmd/server/main.go:56.65,58.3 1 0
github.com/excalibase/auth/cmd/server/main.go:60.2,60.79 1 0
github.com/excalibase/auth/cmd/server/main.go:60.79,63.3 2 0
github.com/excalibase/auth/cmd/server/main.go:65.2,69.53 4 0
github.com/excalibase/auth/cmd/server/main.go:69.53,71.3 1 0
github.com/excalibase/auth/cmd/server/main.go:74.67,77.16 3 0
github.com/excalibase/auth/cmd/server/main.go:77.16,79.3 1 0
github.com/excalibase/auth/cmd/server/main.go:80.2,84.16 4 0
github.com/excalibase/auth/cmd/server/main.go:84.16,86.3 1 0
github.com/excalibase/auth/cmd/server/main.go:87.2,89.28 2 0
github.com/excalibase/auth/cmd/server/main.go:89.28,91.3 1 0
github.com/excalibase/auth/cmd/server/main.go:93.2,94.65 2 0
github.com/excalibase/auth/cmd/server/main.go:94.65,96.3 1 0
github.com/excalibase/auth/cmd/server/main.go:98.2,99.22 2 0
github.com/excalibase/auth/cmd/server/main.go:99.22,101.3 1 0
github.com/excalibase/auth/cmd/server/main.go:102.2,102.17 1 0
github.com/excalibase/auth/internal/auth/jwt.go:56.94,58.18 2 0
github.com/excalibase/auth/internal/auth/jwt.go:58.18,60.3 1 0
github.com/excalibase/auth/internal/auth/jwt.go:62.2,63.16 2 0
github.com/excalibase/auth/internal/auth/jwt.go:63.16,65.3 1 0
github.com/excalibase/auth/internal/auth/jwt.go:67.2,72.8 1 0
github.com/excalibase/auth/internal/auth/jwt.go:75.58,91.24 3 0
github.com/excalibase/auth/internal/auth/jwt.go:91.24,93.3 1 0
github.com/excalibase/auth/internal/auth/jwt.go:94.2,94.23 1 0
github.com/excalibase/auth/internal/auth/jwt.go:94.23,96.3 1 0
github.com/excalibase/auth/internal/auth/jwt.go:97.2,97.81 1 0
github.com/excalibase/auth/internal/auth/jwt.go:101.43,108.34 6 0
github.com/excalibase/auth/internal/auth/jwt.go:108.34,110.3 1 0
github.com/excalibase/auth/internal/auth/jwt.go:110.8,110.41 1 0
github.com/excalibase/auth/internal/auth/jwt.go:110.41,112.3 1 0
github.com/excalibase/auth/internal/auth/jwt.go:114.2,126.3 1 0
github.com/excalibase/auth/internal/auth/jwt.go:129.42,130.20 1 0
github.com/excalibase/auth/internal/auth/jwt.go:130.20,132.3 1 0
github.com/excalibase/auth/internal/auth/jwt.go:133.2,135.15 3 0
github.com/excalibase/auth/internal/auth/jwt.go:141.66,142.83 1 0
github.com/excalibase/auth/internal/auth/jwt.go:142.83,143.59 1 0
github.com/excalibase/auth/internal/auth/jwt.go:143.59,145.4 1 0
github.com/excalibase/auth/internal/auth/jwt.go:146.3,146.26 1 0
github.com/excalibase/auth/internal/auth/jwt.go:148.2,148.16 1 0
github.com/excalibase/auth/internal/auth/jwt.go:148.16,150.3 1 0
github.com/excalibase/auth/internal/auth/jwt.go:152.2,153.25 2 0
github.com/excalibase/auth/internal/auth/jwt.go:153.25,155.3 1 0
github.com/excalibase/auth/internal/auth/jwt.go:157.2,176.8 10 0
github.com/excalibase/auth/internal/auth/password.go:22.52,24.43 2 0
github.com/excalibase/auth/internal/auth/password.go:24.43,26.3 1 0
github.com/excalibase/auth/internal/auth/password.go:28.2,35.8 2 0
github.com/excalibase/auth/internal/auth/password.go:39.48,40.58 1 0
github.com/excalibase/auth/internal/auth/password.go:40.58,42.3 1 0
github.com/excalibase/auth/internal/auth/password.go:43.2,43.38 1 0
github.com/excalibase/auth/internal/auth/password.go:46.51,48.21 2 0
github.com/excalibase/auth/internal/auth/password.go:48.21,50.3 1 0
github.com/excalibase/auth/internal/auth/password.go:52.2,53.66 2 0
github.com/excalibase/auth/internal/auth/password.go:53.66,55.3 1 0
github.com/excalibase/auth/internal/auth/password.go:57.2,59.92 3 0
github.com/excalibase/auth/internal/auth/password.go:59.92,61.3 1 0
github.com/excalibase/auth/internal/auth/password.go:63.2,64.16 2 0
github.com/excalibase/auth/internal/auth/password.go:64.16,66.3 1 0
github.com/excalibase/auth/internal/auth/password.go:68.2,69.16 2 0
github.com/excalibase/auth/internal/auth/password.go:69.16,71.3 1 0
github.com/excalibase/auth/internal/auth/password.go:73.2,74.58 2 0
github.com/excalibase/auth/internal/config/config.go:20.20,26.39 3 0
github.com/excalibase/auth/internal/config/config.go:26.39,28.3 1 0
github.com/excalibase/auth/internal/config/config.go:29.2,30.20 2 0
github.com/excalibase/auth/internal/config/config.go:30.20,33.3 1 0
github.com/excalibase/auth/internal/config/config.go:34.2,42.3 1 0
github.com/excalibase/auth/internal/config/config.go:45.44,46.15 1 0
github.com/excalibase/auth/internal/config/config.go:46.15,48.3 1 0
github.com/excalibase/auth/internal/config/config.go:49.2,49.16 1 0
github.com/excalibase/auth/internal/config/config.go:49.16,51.3 1 0
github.com/excalibase/auth/internal/config/config.go:52.2,54.26 3 0
github.com/excalibase/auth/internal/config/config.go:54.26,56.14 2 0
github.com/excalibase/auth/internal/config/config.go:56.14,58.4 1 0
github.com/excalibase/auth/internal/config/config.go:60.2,60.23 1 0
github.com/excalibase/auth/internal/config/config.go:60.23,62.3 1 0
github.com/excalibase/auth/internal/config/config.go:63.2,63.16 1 0
github.com/excalibase/auth/internal/config/config.go:66.41,67.34 1 0
github.com/excalibase/auth/internal/config/config.go:67.34,69.3 1 0
github.com/excalibase/auth/internal/config/config.go:70.2,70.17 1 0
github.com/excalibase/auth/internal/config/config.go:73.43,74.34 1 0
github.com/excalibase/auth/internal/config/config.go:74.34,75.44 1 0
github.com/excalibase/auth/internal/config/config.go:75.44,77.4 1 0
github.com/excalibase/auth/internal/config/config.go:79.2,79.17 1 0
github.com/excalibase/auth/internal/handler/apikey.go:20.50,24.2 3 0
github.com/excalibase/auth/internal/handler/apikey.go:28.76,31.19 3 0
github.com/excalibase/auth/internal/handler/apikey.go:31.19,34.3 2 0
github.com/excalibase/auth/internal/handler/apikey.go:36.2,37.61 2 0
github.com/excalibase/auth/internal/handler/apikey.go:37.61,40.3 2 0
github.com/excalibase/auth/internal/handler/apikey.go:41.2,41.103 1 0
github.com/excalibase/auth/internal/handler/apikey.go:41.103,44.3 2 0
github.com/excalibase/auth/internal/handler/apikey.go:46.2,47.16 2 0
github.com/excalibase/auth/internal/handler/apikey.go:47.16,50.3 2 0
github.com/excalibase/auth/internal/handler/apikey.go:52.2,53.16 2 0
github.com/excalibase/auth/internal/handler/apikey.go:53.16,56.3 2 0
github.com/excalibase/auth/internal/handler/apikey.go:58.2,68.16 3 0
github.com/excalibase/auth/internal/handler/apikey.go:68.16,71.3 2 0
github.com/excalibase/auth/internal/handler/apikey.go:73.2,81.4 2 0
github.com/excalibase/auth/internal/handler/apikey.go:86.75,88.54 2 0
github.com/excalibase/auth/internal/handler/apikey.go:88.54,91.3 2 0
github.com/excalibase/auth/internal/handler/apikey.go:93.2,94.16 2 0
github.com/excalibase/auth/internal/handler/apikey.go:94.16,97.3 2 0
github.com/excalibase/auth/internal/handler/apikey.go:99.2,105.16 2 0
github.com/excalibase/auth/internal/handler/apikey.go:105.16,108.3 2 0
github.com/excalibase/auth/internal/handler/apikey.go:109.2,112.18 3 0
github.com/excalibase/auth/internal/handler/apikey.go:112.18,116.112 4 0
github.com/excalibase/auth/internal/handler/apikey.go:116.112,119.4 2 0
github.com/excalibase/auth/internal/handler/apikey.go:120.3,121.22 2 0
github.com/excalibase/auth/internal/handler/apikey.go:121.22,124.4 2 0
github.com/excalibase/auth/internal/handler/apikey.go:125.3,125.28 1 0
github.com/excalibase/auth/internal/handler/apikey.go:128.2,128.52 1 0
github.com/excalibase/auth/internal/handler/apikey.go:133.76,136.19 3 0
github.com/excalibase/auth/internal/handler/apikey.go:136.19,139.3 2 0
github.com/excalibase/auth/internal/handler/apikey.go:141.2,143.16 3 0
github.com/excalibase/auth/internal/handler/apikey.go:143.16,146.3 2 0
github.com/excalibase/auth/internal/handler/apikey.go:148.2,149.16 2 0
github.com/excalibase/auth/internal/handler/apikey.go:149.16,152.3 2 0
github.com/excalibase/auth/internal/handler/apikey.go:154.2,160.16 2 0
github.com/excalibase/auth/internal/handler/apikey.go:160.16,163.3 2 0
github.com/excalibase/auth/internal/handler/apikey.go:164.2,164.29 1 0
github.com/excalibase/auth/internal/handler/apikey.go:164.29,169.3 2 0
github.com/excalibase/auth/internal/handler/apikey.go:170.2,170.20 1 0
github.com/excalibase/auth/internal/handler/auth.go:43.113,45.2 1 0
github.com/excalibase/auth/internal/handler/auth.go:47.44,48.55 1 0
github.com/excalibase/auth/internal/handler/auth.go:48.55,62.30 8 0
github.com/excalibase/auth/internal/handler/auth.go:62.30,65.4 2 0
github.com/excalibase/auth/internal/handler/auth.go:71.41,75.2 3 0
github.com/excalibase/auth/internal/handler/auth.go:77.72,82.61 5 0
github.com/excalibase/auth/internal/handler/auth.go:82.61,85.3 2 0
github.com/excalibase/auth/internal/handler/auth.go:86.2,86.65 1 0
github.com/excalibase/auth/internal/handler/auth.go:86.65,89.3 2 0
github.com/excalibase/auth/internal/handler/auth.go:91.2,94.16 3 0
github.com/excalibase/auth/internal/handler/auth.go:94.16,97.3 2 0
github.com/excalibase/auth/internal/handler/auth.go:100.2,102.12 3 0
github.com/excalibase/auth/internal/handler/auth.go:102.12,105.3 2 0
github.com/excalibase/auth/internal/handler/auth.go:108.2,109.16 2 0
github.com/excalibase/auth/internal/handler/auth.go:109.16,112.3 2 0
github.com/excalibase/auth/internal/handler/auth.go:115.2,121.16 3 0
github.com/excalibase/auth/internal/handler/auth.go:121.16,124.3 2 0
github.com/excalibase/auth/internal/handler/auth.go:126.2,127.16 2 0
github.com/excalibase/auth/internal/handler/auth.go:127.16,130.3 2 0
github.com/excalibase/auth/internal/handler/auth.go:132.2,133.20 2 0
github.com/excalibase/auth/internal/handler/auth.go:136.69,141.61 5 0
github.com/excalibase/auth/internal/handler/auth.go:141.61,144.3 2 0
github.com/excalibase/auth/internal/handler/auth.go:145.2,147.16 3 0
github.com/excalibase/auth/internal/handler/auth.go:147.16,151.3 3 0
github.com/excalibase/auth/internal/handler/auth.go:152.2,152.20 1 0
github.com/excalibase/auth/internal/handler/auth.go:157.127,159.16 2 0
github.com/excalibase/auth/internal/handler/auth.go:159.16,161.3 1 0
github.com/excalibase/auth/internal/handler/auth.go:163.2,168.16 3 0
github.com/excalibase/auth/internal/handler/auth.go:168.16,170.3 1 0
github.com/excalibase/auth/internal/handler/auth.go:171.2,171.19 1 0
github.com/excalibase/auth/internal/handler/auth.go:171.19,173.3 1 0
github.com/excalibase/auth/internal/handler/auth.go:174.2,174.50 1 0
github.com/excalibase/auth/internal/handler/auth.go:174.50,176.3 1 0
github.com/excalibase/auth/internal/handler/auth.go:178.2,181.16 3 0
github.com/excalibase/auth/internal/handler/auth.go:181.16,183.3 1 0
github.com/excalibase/auth/internal/handler/auth.go:184.2,184.23 1 0
github.com/excalibase/auth/internal/handler/auth.go:187.72,189.61 2 0
github.com/excalibase/auth/internal/handler/auth.go:189.61,192.3 2 0
github.com/excalibase/auth/internal/handler/auth.go:194.2,195.16 2 0
github.com/excalibase/auth/internal/handler/auth.go:195.16,198.3 2 0
github.com/excalibase/auth/internal/handler/auth.go:200.2,206.4 1 0
github.com/excalibase/auth/internal/handler/auth.go:209.71,212.61 3 0
github.com/excalibase/auth/internal/handler/auth.go:212.61,215.3 2 0
github.com/excalibase/auth/internal/handler/auth.go:216.2,217.16 2 0
github.com/excalibase/auth/internal/handler/auth.go:217.16,220.3 2 0
github.com/excalibase/auth/internal/handler/auth.go:221.2,221.20 1 0
github.com/excalibase/auth/internal/handler/auth.go:227.128,229.16 2 0
github.com/excalibase/auth/internal/handler/auth.go:229.16,231.3 1 0
github.com/excalibase/auth/internal/handler/auth.go:233.2,240.16 5 0
github.com/excalibase/auth/internal/handler/auth.go:240.16,242.3 1 0
github.com/excalibase/auth/internal/handler/auth.go:243.2,243.13 1 0
github.com/excalibase/auth/internal/handler/auth.go:243.13,245.3 1 0
github.com/excalibase/auth/internal/handler/auth.go:246.2,246.34 1 0
github.com/excalibase/auth/internal/handler/auth.go:246.34,248.3 1 0
github.com/excalibase/auth/internal/handler/auth.go:250.2,255.40 3 0
github.com/excalibase/auth/internal/handler/auth.go:255.40,260.3 1 0
github.com/excalibase/auth/internal/handler/auth.go:262.2,263.16 2 0
github.com/excalibase/auth/internal/handler/auth.go:263.16,265.3 1 0
github.com/excalibase/auth/internal/handler/auth.go:266.2,266.23 1 0
github.com/excalibase/auth/internal/handler/auth.go:279.116,280.18 1 0
github.com/excalibase/auth/internal/handler/auth.go:280.18,282.3 1 0
github.com/excalibase/auth/internal/handler/auth.go:283.2,284.16 2 0
github.com/excalibase/auth/internal/handler/auth.go:284.16,286.3 1 0
github.com/excalibase/auth/internal/handler/auth.go:288.2,298.16 4 0
github.com/excalibase/auth/internal/handler/auth.go:298.16,300.3 1 0
github.com/excalibase/auth/internal/handler/auth.go:302.2,305.22 3 0
github.com/excalibase/auth/internal/handler/auth.go:305.22,307.3 1 0
github.com/excalibase/auth/internal/handler/auth.go:308.2,309.16 2 0
github.com/excalibase/auth/internal/handler/auth.go:309.16,311.3 1 0
github.com/excalibase/auth/internal/handler/auth.go:312.2,312.23 1 0
github.com/excalibase/auth/internal/handler/auth.go:315.70,318.61 3 0
github.com/excalibase/auth/internal/handler/auth.go:318.61,321.3 2 0
github.com/excalibase/auth/internal/handler/auth.go:323.2,324.16 2 0
github.com/excalibase/auth/internal/handler/auth.go:324.16,327.3 2 0
github.com/excalibase/auth/internal/handler/auth.go:329.2,330.71 2 0
github.com/excalibase/auth/internal/handler/auth.go:333.147,341.79 4 0
github.com/excalibase/auth/internal/handler/auth.go:341.79,342.29 1 0
github.com/excalibase/auth/internal/handler/auth.go:342.29,344.4 1 0
github.com/excalibase/auth/internal/handler/auth.go:345.3,345.25 1 0
github.com/excalibase/auth/internal/handler/auth.go:345.25,347.4 1 0
github.com/excalibase/auth/internal/handler/auth.go:348.3,348.25 1 0
github.com/excalibase/auth/internal/handler/auth.go:348.25,350.4 1 0
github.com/excalibase/auth/internal/handler/auth.go:353.2,366.16 2 0
github.com/excalibase/auth/internal/handler/auth.go:366.16,368.3 1 0
github.com/excalibase/auth/internal/handler/auth.go:370.2,374.17 4 0
github.com/excalibase/auth/internal/handler/auth.go:374.17,379.3 1 0
github.com/excalibase/auth/internal/handler/auth.go:381.2,387.8 1 0
github.com/excalibase/auth/internal/handler/auth.go:397.152,402.79 4 0
github.com/excalibase/auth/internal/handler/auth.go:402.79,403.29 1 0
github.com/excalibase/auth/internal/handler/auth.go:403.29,405.4 1 0
github.com/excalibase/auth/internal/handler/auth.go:406.3,406.25 1 0
github.com/excalibase/auth/internal/handler/auth.go:406.25,408.4 1 0
github.com/excalibase/auth/internal/handler/auth.go:409.3,409.25 1 0
github.com/excalibase/auth/internal/handler/auth.go:409.25,411.4 1 0
github.com/excalibase/auth/internal/handler/auth.go:414.2,416.46 3 0
github.com/excalibase/auth/internal/handler/auth.go:416.46,419.3 2 0
github.com/excalibase/auth/internal/handler/auth.go:421.2,432.16 2 0
github.com/excalibase/auth/internal/handler/auth.go:432.16,434.3 1 0
github.com/excalibase/auth/internal/handler/auth.go:435.2,439.8 1 0
github.com/excalibase/auth/internal/handler/auth.go:445.69,448.61 3 0
github.com/excalibase/auth/internal/handler/auth.go:448.61,451.3 2 0
github.com/excalibase/auth/internal/handler/auth.go:453.2,458.23 2 0
github.com/excalibase/auth/internal/handler/auth.go:459.18,460.78 1 0
github.com/excalibase/auth/internal/handler/auth.go:461.17,462.63 1 0
github.com/excalibase/auth/internal/handler/auth.go:463.23,464.75 1 0
github.com/excalibase/auth/internal/handler/auth.go:465.10,467.9 2 0
github.com/excalibase/auth/internal/handler/auth.go:469.2,469.16 1 0
github.com/excalibase/auth/internal/handler/auth.go:469.16,472.3 2 0
github.com/excalibase/auth/internal/handler/auth.go:473.2,473.20 1 0
github.com/excalibase/auth/internal/handler/auth.go:476.54,479.2 2 0
github.com/excalibase/auth/internal/handler/auth.go:481.61,488.2 3 0
github.com/excalibase/auth/internal/handler/auth.go:495.31,497.2 1 0
github.com/excalibase/auth/internal/middleware/cors.go:10.68,13.35 3 0
github.com/excalibase/auth/internal/middleware/cors.go:13.35,15.3 1 0
github.com/excalibase/auth/internal/middleware/cors.go:17.2,17.46 1 0
github.com/excalibase/auth/internal/middleware/cors.go:17.46,18.72 1 0
github.com/excalibase/auth/internal/middleware/cors.go:18.72,21.20 2 0
github.com/excalibase/auth/internal/middleware/cors.go:21.20,23.16 2 0
github.com/excalibase/auth/internal/middleware/cors.go:23.16,27.6 3 0
github.com/excalibase/auth/internal/middleware/cors.go:31.4,31.38 1 0
github.com/excalibase/auth/internal/middleware/cors.go:31.38,32.56 1 0
github.com/excalibase/auth/internal/middleware/cors.go:32.56,40.6 3 0
github.com/excalibase/auth/internal/middleware/cors.go:41.5,42.11 2 0
github.com/excalibase/auth/internal/middleware/cors.go:45.4,45.24 1 0
github.com/excalibase/auth/internal/middleware/require_jwt.go:24.74,25.46 1 0
github.com/excalibase/auth/internal/middleware/require_jwt.go:25.46,26.72 1 0
github.com/excalibase/auth/internal/middleware/require_jwt.go:26.72,28.24 2 0
github.com/excalibase/auth/internal/middleware/require_jwt.go:28.24,31.5 2 0
github.com/excalibase/auth/internal/middleware/require_jwt.go:32.4,33.46 2 0
github.com/excalibase/auth/internal/middleware/require_jwt.go:33.46,36.5 2 0
github.com/excalibase/auth/internal/middleware/require_jwt.go:37.4,39.18 3 0
github.com/excalibase/auth/internal/middleware/require_jwt.go:39.18,42.5 2 0
github.com/excalibase/auth/internal/middleware/require_jwt.go:43.4,44.41 2 0
github.com/excalibase/auth/internal/middleware/require_jwt.go:51.58,54.2 2 0
github.com/excalibase/auth/internal/middleware/require_jwt.go:56.59,63.2 3 0
github.com/excalibase/auth/internal/middleware/security_headers.go:6.54,7.71 1 0
github.com/excalibase/auth/internal/middleware/security_headers.go:7.71,12.3 4 0
github.com/excalibase/auth/internal/middleware/tenant_context.go:37.52,38.71 1 0
github.com/excalibase/auth/internal/middleware/tenant_context.go:38.71,42.22 3 0
github.com/excalibase/auth/internal/middleware/tenant_context.go:42.22,48.4 4 0
github.com/excalibase/auth/internal/middleware/tenant_context.go:50.3,50.23 1 0
github.com/excalibase/auth/internal/middleware/tenant_context.go:57.62,59.20 2 0
github.com/excalibase/auth/internal/middleware/tenant_context.go:59.20,61.3 1 0
github.com/excalibase/auth/internal/middleware/tenant_context.go:62.2,62.16 1 0
github.com/excalibase/auth/internal/middleware/tenant_context.go:67.61,69.20 2 0
github.com/excalibase/auth/internal/middleware/tenant_context.go:69.20,71.3 1 0
github.com/excalibase/auth/internal/middleware/tenant_context.go:72.2,72.16 1 0
github.com/excalibase/auth/internal/migrate/migrate.go:20.32,21.50 1 0
github.com/excalibase/auth/internal/migrate/migrate.go:21.50,23.3 1 0
github.com/excalibase/auth/internal/migrate/migrate.go:25.2,26.16 2 0
github.com/excalibase/auth/internal/migrate/migrate.go:26.16,28.3 1 0
github.com/excalibase/auth/internal/migrate/migrate.go:30.2,30.61 1 0
github.com/excalibase/auth/internal/migrate/migrate.go:30.61,32.3 1 0
github.com/excalibase/auth/internal/migrate/migrate.go:33.2,33.12 1 0
github.com/excalibase/auth/internal/migrate/migrate.go:39.45,44.16 5 0
github.com/excalibase/auth/internal/migrate/migrate.go:44.16,46.3 1 0
github.com/excalibase/auth/internal/migrate/migrate.go:47.2,49.18 3 0
github.com/excalibase/auth/internal/migrate/migrate.go:49.18,51.3 1 0
github.com/excalibase/auth/internal/migrate/migrate.go:53.2,59.16 5 0
github.com/excalibase/auth/internal/migrate/migrate.go:59.16,61.3 1 0
github.com/excalibase/auth/internal/migrate/migrate.go:62.2,65.12 3 0
github.com/excalibase/auth/internal/migrate/migrate.go:70.33,72.16 2 0
github.com/excalibase/auth/internal/migrate/migrate.go:72.16,74.3 1 0
github.com/excalibase/auth/internal/migrate/migrate.go:76.2,76.63 1 0
github.com/excalibase/auth/internal/migrate/migrate.go:76.63,78.3 1 0
github.com/excalibase/auth/internal/migrate/migrate.go:79.2,79.12 1 0
github.com/excalibase/auth/internal/migrate/migrate.go:82.59,84.16 2 0
github.com/excalibase/auth/internal/migrate/migrate.go:84.16,86.3 1 0
github.com/excalibase/auth/internal/migrate/migrate.go:88.2,89.16 2 0
github.com/excalibase/auth/internal/migrate/migrate.go:89.16,91.3 1 0
github.com/excalibase/auth/internal/migrate/migrate.go:93.2,94.16 2 0
github.com/excalibase/auth/internal/migrate/migrate.go:94.16,96.3 1 0
github.com/excalibase/auth/internal/migrate/migrate.go:98.2,99.16 2 0
github.com/excalibase/auth/internal/migrate/migrate.go:99.16,101.3 1 0
github.com/excalibase/auth/internal/migrate/migrate.go:102.2,102.15 1 0
github.com/excalibase/auth/internal/migrate/migrate.go:107.51,109.79 1 0
github.com/excalibase/auth/internal/migrate/migrate.go:109.79,110.32 1 0
github.com/excalibase/auth/internal/migrate/migrate.go:110.32,112.4 1 0
github.com/excalibase/auth/internal/migrate/migrate.go:113.3,113.22 1 0
github.com/excalibase/auth/internal/migrate/migrate.go:117.2,121.16 5 0
github.com/excalibase/auth/internal/migrate/migrate.go:121.16,123.3 1 0
github.com/excalibase/auth/internal/migrate/migrate.go:124.2,126.18 3 0
github.com/excalibase/auth/internal/migrate/migrate.go:126.18,128.3 1 0
github.com/excalibase/auth/internal/migrate/migrate.go:129.2,130.19 2 0
github.com/excalibase/auth/internal/migrate/migrate.go:130.19,132.3 1 0
github.com/excalibase/auth/internal/migrate/migrate.go:135.2,135.165 1 0
github.com/excalibase/auth/internal/migrate/migrate.go:138.42,143.30 5 0
github.com/excalibase/auth/internal/migrate/migrate.go:143.30,145.12 2 0
github.com/excalibase/auth/internal/migrate/migrate.go:145.12,146.16 1 0
github.com/excalibase/auth/internal/migrate/migrate.go:146.16,148.5 1 0
github.com/excalibase/auth/internal/migrate/migrate.go:148.10,148.23 1 0
github.com/excalibase/auth/internal/migrate/migrate.go:148.23,150.5 1 0
github.com/excalibase/auth/internal/migrate/migrate.go:151.9,152.33 1 0
github.com/excalibase/auth/internal/migrate/migrate.go:152.33,153.17 1 0
github.com/excalibase/auth/internal/migrate/migrate.go:153.17,155.6 1 0
github.com/excalibase/auth/internal/migrate/migrate.go:156.5,159.17 4 0
github.com/excalibase/auth/internal/migrate/migrate.go:160.10,162.5 1 0
github.com/excalibase/auth/internal/migrate/migrate.go:165.2,165.15 1 0
github.com/excalibase/auth/internal/pool/manager.go:49.74,59.2 1 0
github.com/excalibase/auth/internal/pool/manager.go:61.83,63.2 1 0
github.com/excalibase/auth/internal/pool/manager.go:68.98,73.47 4 0
github.com/excalibase/auth/internal/pool/manager.go:73.47,75.3 1 0
github.com/excalibase/auth/internal/pool/manager.go:77.2,77.46 1 0
github.com/excalibase/auth/internal/pool/manager.go:80.101,82.16 2 0
github.com/excalibase/auth/internal/pool/manager.go:82.16,85.3 2 0
github.com/excalibase/auth/internal/pool/manager.go:87.2,97.67 6 0
github.com/excalibase/auth/internal/pool/manager.go:97.67,102.3 4 0
github.com/excalibase/auth/internal/pool/manager.go:104.2,105.16 2 0
github.com/excalibase/auth/internal/pool/manager.go:105.16,107.3 1 0
github.com/excalibase/auth/internal/pool/manager.go:110.2,110.38 1 0
github.com/excalibase/auth/internal/pool/manager.go:110.38,111.50 1 0
github.com/excalibase/auth/internal/pool/manager.go:111.50,113.4 1 0
github.com/excalibase/auth/internal/pool/manager.go:116.2,118.58 2 0
github.com/excalibase/auth/internal/pool/manager.go:118.58,120.3 1 0
github.com/excalibase/auth/internal/pool/manager.go:121.2,124.18 3 0
github.com/excalibase/auth/internal/pool/manager.go:127.111,136.16 5 0
github.com/excalibase/auth/internal/pool/manager.go:136.16,138.3 1 0
github.com/excalibase/auth/internal/pool/manager.go:139.2,142.16 3 0
github.com/excalibase/auth/internal/pool/manager.go:142.16,144.3 1 0
github.com/excalibase/auth/internal/pool/manager.go:145.2,147.28 2 0
github.com/excalibase/auth/internal/pool/manager.go:147.28,149.3 1 0
github.com/excalibase/auth/internal/pool/manager.go:151.2,152.66 2 0
github.com/excalibase/auth/internal/pool/manager.go:152.66,154.3 1 0
github.com/excalibase/auth/internal/pool/manager.go:155.2,155.19 1 0
github.com/excalibase/auth/internal/pool/manager.go:163.94,165.80 2 0
github.com/excalibase/auth/internal/pool/manager.go:165.80,169.3 3 0
github.com/excalibase/auth/internal/pool/manager.go:170.2,174.16 4 0
github.com/excalibase/auth/internal/pool/manager.go:174.16,176.3 1 0
github.com/excalibase/auth/internal/pool/manager.go:177.2,179.16 3 0
github.com/excalibase/auth/internal/pool/manager.go:179.16,181.3 1 0
github.com/excalibase/auth/internal/pool/manager.go:182.2,183.28 2 0
github.com/excalibase/auth/internal/pool/manager.go:183.28,185.3 1 0
github.com/excalibase/auth/internal/pool/manager.go:186.2,187.65 2 0
github.com/excalibase/auth/internal/pool/manager.go:187.65,189.3 1 0
github.com/excalibase/auth/internal/pool/manager.go:191.2,194.18 4 0
github.com/excalibase/auth/internal/pool/manager.go:197.85,199.16 2 0
github.com/excalibase/auth/internal/pool/manager.go:199.16,201.3 1 0
github.com/excalibase/auth/internal/pool/manager.go:202.2,207.43 6 0
github.com/excalibase/auth/internal/service/apikey.go:43.82,45.17 2 1
github.com/excalibase/auth/internal/service/apikey.go:46.26,47.35 1 1
github.com/excalibase/auth/internal/service/apikey.go:48.21,49.30 1 1
github.com/excalibase/auth/internal/service/apikey.go:50.10,51.69 1 1
github.com/excalibase/auth/internal/service/apikey.go:54.2,55.16 2 1
github.com/excalibase/auth/internal/service/apikey.go:55.16,57.3 1 0
github.com/excalibase/auth/internal/service/apikey.go:59.2,62.37 4 1
github.com/excalibase/auth/internal/service/apikey.go:68.42,71.2 2 1
[...]
github.com/excalibase/auth/internal/handler/apikey.go:41.2,41.103 1 0
github.com/excalibase/auth/internal/handler/apikey.go:41.103,44.3 2 0
github.com/excalibase/auth/internal/handler/apikey.go:46.2,47.16 2 0
github.com/excalibase/auth/internal/handler/apikey.go:47.16,50.3 2 0
github.com/excalibase/auth/internal/handler/apikey.go:52.2,53.16 2 0
github.com/excalibase/auth/internal/handler/apikey.go:53.16,56.3 2 0
github.com/excalibase/auth/internal/handler/apikey.go:58.2,68.16 3 0
github.com/excalibase/auth/internal/handler/apikey.go:68.16,71.3 2 0
github.com/excalibase/auth/internal/handler/apikey.go:73.2,81.4 2 0
github.com/excalibase/auth/internal/handler/apikey.go:86.75,88.54 2 0
github.com/excalibase/auth/internal/handler/apikey.go:88.54,91.3 2 0
github.com/excalibase/auth/internal/handler/apikey.go:93.2,94.16 2 0
github.com/excalibase/auth/internal/handler/apikey.go:94.16,97.3 2 0
github.com/excalibase/auth/internal/handler/apikey.go:99.2,105.16 2 0
github.com/excalibase/auth/internal/handler/apikey.go:105.16,108.3 2 0
github.com/excalibase/auth/internal/handler/apikey.go:109.2,112.18 3 0
github.com/excalibase/auth/internal/handler/apikey.go:112.18,116.112 4 0
github.com/excalibase/auth/internal/handler/apikey.go:116.112,119.4 2 0
github.com/excalibase/auth/internal/handler/apikey.go:120.3,121.22 2 0
github.com/excalibase/auth/internal/handler/apikey.go:121.22,124.4 2 0
github.com/excalibase/auth/internal/handler/apikey.go:125.3,125.28 1 0
github.com/excalibase/auth/internal/handler/apikey.go:128.2,128.52 1 0
github.com/excalibase/auth/internal/handler/apikey.go:133.76,136.19 3 0
github.com/excalibase/auth/internal/handler/apikey.go:136.19,139.3 2 0
github.com/excalibase/auth/internal/handler/apikey.go:141.2,143.16 3 0
github.com/excalibase/auth/internal/handler/apikey.go:143.16,146.3 2 0
github.com/excalibase/auth/internal/handler/apikey.go:148.2,149.16 2 0
github.com/excalibase/auth/internal/handler/apikey.go:149.16,152.3 2 0
github.com/excalibase/auth/internal/handler/apikey.go:154.2,160.16 2 0
github.com/excalibase/auth/internal/handler/apikey.go:160.16,163.3 2 0
github.com/excalibase/auth/internal/handler/apikey.go:164.2,164.29 1 0
github.com/excalibase/auth/internal/handler/apikey.go:164.29,169.3 2 0
github.com/excalibase/auth/internal/handler/apikey.go:170.2,170.20 1 0
github.com/excalibase/auth/internal/handler/auth.go:43.113,45.2 1 1
github.com/excalibase/auth/internal/handler/auth.go:47.44,48.55 1 1
github.com/excalibase/auth/internal/handler/auth.go:48.55,62.30 8 1
github.com/excalibase/auth/internal/handler/auth.go:62.30,65.4 2 1
github.com/excalibase/auth/internal/handler/auth.go:71.41,75.2 3 1
github.com/excalibase/auth/internal/handler/auth.go:77.72,82.61 5 1
github.com/excalibase/auth/internal/handler/auth.go:82.61,85.3 2 1
github.com/excalibase/auth/internal/handler/auth.go:86.2,86.65 1 1
github.com/excalibase/auth/internal/handler/auth.go:86.65,89.3 2 1
github.com/excalibase/auth/internal/handler/auth.go:91.2,94.16 3 1
github.com/excalibase/auth/internal/handler/auth.go:94.16,97.3 2 1
github.com/excalibase/auth/internal/handler/auth.go:100.2,102.12 3 0
github.com/excalibase/auth/internal/handler/auth.go:102.12,105.3 2 0
github.com/excalibase/auth/internal/handler/auth.go:108.2,109.16 2 0
github.com/excalibase/auth/internal/handler/auth.go:109.16,112.3 2 0
github.com/excalibase/auth/internal/handler/auth.go:115.2,121.16 3 0
github.com/excalibase/auth/internal/handler/auth.go:121.16,124.3 2 0
github.com/excalibase/auth/internal/handler/auth.go:126.2,127.16 2 0
github.com/excalibase/auth/internal/handler/auth.go:127.16,130.3 2 0
github.com/excalibase/auth/internal/handler/auth.go:132.2,133.20 2 0
github.com/excalibase/auth/internal/handler/auth.go:136.69,141.61 5 1
github.com/excalibase/auth/internal/handler/auth.go:141.61,144.3 2 1
github.com/excalibase/auth/internal/handler/auth.go:145.2,147.16 3 1
github.com/excalibase/auth/internal/handler/auth.go:147.16,151.3 3 1
github.com/excalibase/auth/internal/handler/auth.go:152.2,152.20 1 0
github.com/excalibase/auth/internal/handler/auth.go:157.127,159.16 2 1
github.com/excalibase/auth/internal/handler/auth.go:159.16,161.3 1 1
github.com/excalibase/auth/internal/handler/auth.go:163.2,168.16 3 0
github.com/excalibase/auth/internal/handler/auth.go:168.16,170.3 1 0
github.com/excalibase/auth/internal/handler/auth.go:171.2,171.19 1 0
github.com/excalibase/auth/internal/handler/auth.go:171.19,173.3 1 0
github.com/excalibase/auth/internal/handler/auth.go:174.2,174.50 1 0
github.com/excalibase/auth/internal/handler/auth.go:174.50,176.3 1 0
github.com/excalibase/auth/internal/handler/auth.go:178.2,181.16 3 0
github.com/excalibase/auth/internal/handler/auth.go:181.16,183.3 1 0
github.com/excalibase/auth/internal/handler/auth.go:184.2,184.23 1 0
github.com/excalibase/auth/internal/handler/auth.go:187.72,189.61 2 1
github.com/excalibase/auth/internal/handler/auth.go:189.61,192.3 2 1
github.com/excalibase/auth/internal/handler/auth.go:194.2,195.16 2 1
github.com/excalibase/auth/internal/handler/auth.go:195.16,198.3 2 1
github.com/excalibase/auth/internal/handler/auth.go:200.2,206.4 1 0
github.com/excalibase/auth/internal/handler/auth.go:209.71,212.61 3 1
github.com/excalibase/auth/internal/handler/auth.go:212.61,215.3 2 1
github.com/excalibase/auth/internal/handler/auth.go:216.2,217.16 2 1
github.com/excalibase/auth/internal/handler/auth.go:217.16,220.3 2 1
github.com/excalibase/auth/internal/handler/auth.go:221.2,221.20 1 0
github.com/excalibase/auth/internal/handler/auth.go:227.128,229.16 2 1
github.com/excalibase/auth/internal/handler/auth.go:229.16,231.3 1 1
github.com/excalibase/auth/internal/handler/auth.go:233.2,240.16 5 0
github.com/excalibase/auth/internal/handler/auth.go:240.16,242.3 1 0
github.com/excalibase/auth/internal/handler/auth.go:243.2,243.13 1 0
github.com/excalibase/auth/internal/handler/auth.go:243.13,245.3 1 0
github.com/excalibase/auth/internal/handler/auth.go:246.2,246.34 1 0
github.com/excalibase/auth/internal/handler/auth.go:246.34,248.3 1 0
github.com/excalibase/auth/internal/handler/auth.go:250.2,255.40 3 0
github.com/excalibase/auth/internal/handler/auth.go:255.40,260.3 1 0
github.com/excalibase/auth/internal/handler/auth.go:262.2,263.16 2 0
github.com/excalibase/auth/internal/handler/auth.go:263.16,265.3 1 0
github.com/excalibase/auth/internal/handler/auth.go:266.2,266.23 1 0
github.com/excalibase/auth/internal/handler/auth.go:279.116,280.18 1 1
github.com/excalibase/auth/internal/handler/auth.go:280.18,282.3 1 1
github.com/excalibase/auth/internal/handler/auth.go:283.2,284.16 2 1
github.com/excalibase/auth/internal/handler/auth.go:284.16,286.3 1 1
github.com/excalibase/auth/internal/handler/auth.go:288.2,298.16 4 0
github.com/excalibase/auth/internal/handler/auth.go:298.16,300.3 1 0
github.com/excalibase/auth/internal/handler/auth.go:302.2,305.22 3 0
github.com/excalibase/auth/internal/handler/auth.go:305.22,307.3 1 0
github.com/excalibase/auth/internal/handler/auth.go:308.2,309.16 2 0
github.com/excalibase/auth/internal/handler/auth.go:309.16,311.3 1 0
github.com/excalibase/auth/internal/handler/auth.go:312.2,312.23 1 0
github.com/excalibase/auth/internal/handler/auth.go:315.70,318.61 3 1
github.com/excalibase/auth/internal/handler/auth.go:318.61,321.3 2 1
github.com/excalibase/auth/internal/handler/auth.go:323.2,324.16 2 1
github.com/excalibase/auth/internal/handler/auth.go:324.16,327.3 2 1
github.com/excalibase/auth/internal/handler/auth.go:329.2,330.71 2 0
github.com/excalibase/auth/internal/handler/auth.go:333.147,341.79 4 1
github.com/excalibase/auth/internal/handler/auth.go:341.79,342.29 1 0
github.com/excalibase/auth/internal/handler/auth.go:342.29,344.4 1 0
github.com/excalibase/auth/internal/handler/auth.go:345.3,345.25 1 0
github.com/excalibase/auth/internal/handler/auth.go:345.25,347.4 1 0
github.com/excalibase/auth/internal/handler/auth.go:348.3,348.25 1 0
github.com/excalibase/auth/internal/handler/auth.go:348.25,350.4 1 0
github.com/excalibase/auth/internal/handler/auth.go:353.2,366.16 2 1
github.com/excalibase/auth/internal/handler/auth.go:366.16,368.3 1 0
github.com/excalibase/auth/internal/handler/auth.go:370.2,374.17 4 1
github.com/excalibase/auth/internal/handler/auth.go:374.17,379.3 1 0
github.com/excalibase/auth/internal/handler/auth.go:381.2,387.8 1 1
github.com/excalibase/auth/internal/handler/auth.go:397.152,402.79 4 0
github.com/excalibase/auth/internal/handler/auth.go:402.79,403.29 1 0
github.com/excalibase/auth/internal/handler/auth.go:403.29,405.4 1 0
github.com/excalibase/auth/internal/handler/auth.go:406.3,406.25 1 0
github.com/excalibase/auth/internal/handler/auth.go:406.25,408.4 1 0
github.com/excalibase/auth/internal/handler/auth.go:409.3,409.25 1 0
github.com/excalibase/auth/internal/handler/auth.go:409.25,411.4 1 0
github.com/excalibase/auth/internal/handler/auth.go:414.2,416.46 3 0
github.com/excalibase/auth/internal/handler/auth.go:416.46,419.3 2 0
github.com/excalibase/auth/internal/handler/auth.go:421.2,432.16 2 0
github.com/excalibase/auth/internal/handler/auth.go:432.16,434.3 1 0
github.com/excalibase/auth/internal/handler/auth.go:435.2,439.8 1 0
github.com/excalibase/auth/internal/handler/auth.go:445.69,448.61 3 1
github.com/excalibase/auth/internal/handler/auth.go:448.61,451.3 2 1
github.com/excalibase/auth/internal/handler/auth.go:453.2,458.23 2 1
github.com/excalibase/auth/internal/handler/auth.go:459.18,460.78 1 1
github.com/excalibase/auth/internal/handler/auth.go:461.17,462.63 1 1
github.com/excalibase/auth/internal/handler/auth.go:463.23,464.75 1 1
github.com/excalibase/auth/internal/handler/auth.go:465.10,467.9 2 1
github.com/excalibase/auth/internal/handler/auth.go:469.2,469.16 1 1
github.com/excalibase/auth/internal/handler/auth.go:469.16,472.3 2 1
github.com/excalibase/auth/internal/handler/auth.go:473.2,473.20 1 0
github.com/excalibase/auth/internal/handler/auth.go:476.54,479.2 2 1
github.com/excalibase/auth/internal/handler/auth.go:481.61,488.2 3 1
github.com/excalibase/auth/internal/handler/auth.go:495.31,497.2 1 1
github.com/excalibase/auth/internal/middleware/cors.go:10.68,13.35 3 0
github.com/excalibase/auth/internal/middleware/cors.go:13.35,15.3 1 0
github.com/excalibase/auth/internal/middleware/cors.go:17.2,17.46 1 0
github.com/excalibase/auth/internal/middleware/cors.go:17.46,18.72 1 0
github.com/excalibase/auth/internal/middleware/cors.go:18.72,21.20 2 0
github.com/excalibase/auth/internal/middleware/cors.go:21.20,23.16 2 0
github.com/excalibase/auth/internal/middleware/cors.go:23.16,27.6 3 0
github.com/excalibase/auth/internal/middleware/cors.go:31.4,31.38 1 0
github.com/excalibase/auth/internal/middleware/cors.go:31.38,32.56 1 0
github.com/excalibase/auth/internal/middleware/cors.go:32.56,40.6 3 0
github.com/excalibase/auth/internal/middleware/cors.go:41.5,42.11 2 0
github.com/excalibase/auth/internal/middleware/cors.go:45.4,45.24 1 0
github.com/excalibase/auth/internal/middleware/require_jwt.go:24.74,25.46 1 1
github.com/excalibase/auth/internal/middleware/require_jwt.go:25.46,26.72 1 1
github.com/excalibase/auth/internal/middleware/require_jwt.go:26.72,28.24 2 1
github.com/excalibase/auth/internal/middleware/require_jwt.go:28.24,31.5 2 1
github.com/excalibase/auth/internal/middleware/require_jwt.go:32.4,33.46 2 0
github.com/excalibase/auth/internal/middleware/require_jwt.go:33.46,36.5 2 0
github.com/excalibase/auth/internal/middleware/require_jwt.go:37.4,39.18 3 0
github.com/excalibase/auth/internal/middleware/require_jwt.go:39.18,42.5 2 0
github.com/excalibase/auth/internal/middleware/require_jwt.go:43.4,44.41 2 0
github.com/excalibase/auth/internal/middleware/require_jwt.go:51.58,54.2 2 0
github.com/excalibase/auth/internal/middleware/require_jwt.go:56.59,63.2 3 1
github.com/excalibase/auth/internal/middleware/security_headers.go:6.54,7.71 1 0
github.com/excalibase/auth/internal/middleware/security_headers.go:7.71,12.3 4 0
github.com/excalibase/auth/internal/middleware/tenant_context.go:37.52,38.71 1 1
github.com/excalibase/auth/internal/middleware/tenant_context.go:38.71,42.22 3 1
github.com/excalibase/auth/internal/middleware/tenant_context.go:42.22,48.4 4 1
github.com/excalibase/auth/internal/middleware/tenant_context.go:50.3,50.23 1 1
github.com/excalibase/auth/internal/middleware/tenant_context.go:57.62,59.20 2 1
github.com/excalibase/auth/internal/middleware/tenant_context.go:59.20,61.3 1 0
github.com/excalibase/auth/internal/middleware/tenant_context.go:62.2,62.16 1 1
github.com/excalibase/auth/internal/middleware/tenant_context.go:67.61,69.20 2 1
github.com/excalibase/auth/internal/middleware/tenant_context.go:69.20,71.3 1 0
github.com/excalibase/auth/internal/middleware/tenant_context.go:72.2,72.16 1 1
github.com/excalibase/auth/internal/migrate/migrate.go:20.32,21.50 1 0
github.com/excalibase/auth/internal/migrate/migrate.go:21.50,23.3 1 0
github.com/excalibase/auth/internal/migrate/migrate.go:25.2,26.16 2 0
github.com/excalibase/auth/internal/migrate/migrate.go:26.16,28.3 1 0
github.com/excalibase/auth/internal/migrate/migrate.go:30.2,30.61 1 0
github.com/excalibase/auth/internal/migrate/migrate.go:30.61,32.3 1 0
github.com/excalibase/auth/internal/migrate/migrate.go:33.2,33.12 1 0
github.com/excalibase/auth/internal/migrate/migrate.go:39.45,44.16 5 0
github.com/excalibase/auth/internal/migrate/migrate.go:44.16,46.3 1 0
github.com/excalibase/auth/internal/migrate/migrate.go:47.2,49.18 3 0
github.com/excalibase/auth/internal/migrate/migrate.go:49.18,51.3 1 0
github.com/excalibase/auth/internal/migrate/migrate.go:53.2,59.16 5 0
github.com/excalibase/auth/internal/migrate/migrate.go:59.16,61.3 1 0
github.com/excalibase/auth/internal/migrate/migrate.go:62.2,65.12 3 0
github.com/excalibase/auth/internal/migrate/migrate.go:70.33,72.16 2 0
github.com/excalibase/auth/internal/migrate/migrate.go:72.16,74.3 1 0
github.com/excalibase/auth/internal/migrate/migrate.go:76.2,76.63 1 0
github.com/excalibase/auth/internal/migrate/migrate.go:76.63,78.3 1 0
github.com/excalibase/auth/internal/migrate/migrate.go:79.2,79.12 1 0
github.com/excalibase/auth/internal/migrate/migrate.go:82.59,84.16 2 0
github.com/excalibase/auth/internal/migrate/migrate.go:84.16,86.3 1 0
github.com/excalibase/auth/internal/migrate/migrate.go:88.2,89.16 2 0
github.com/excalibase/auth/internal/migrate/migrate.go:89.16,91.3 1 0
github.com/excalibase/auth/internal/migrate/migrate.go:93.2,94.16 2 0
github.com/excalibase/auth/internal/migrate/migrate.go:94.16,96.3 1 0
github.com/excalibase/auth/internal/migrate/migrate.go:98.2,99.16 2 0
github.com/excalibase/auth/internal/migrate/migrate.go:99.16,101.3 1 0
github.com/excalibase/auth/internal/migrate/migrate.go:102.2,102.15 1 0
github.com/excalibase/auth/internal/migrate/migrate.go:107.51,109.79 1 0
github.com/excalibase/auth/internal/migrate/migrate.go:109.79,110.32 1 0
github.com/excalibase/auth/internal/migrate/migrate.go:110.32,112.4 1 0
github.com/excalibase/auth/internal/migrate/migrate.go:113.3,113.22 1 0
github.com/excalibase/auth/internal/migrate/migrate.go:117.2,121.16 5 0
github.com/excalibase/auth/internal/migrate/migrate.go:121.16,123.3 1 0
github.com/excalibase/auth/internal/migrate/migrate.go:124.2,126.18 3 0
github.com/excalibase/auth/internal/migrate/migrate.go:126.18,128.3 1 0
github.com/excalibase/auth/internal/migrate/migrate.go:129.2,130.19 2 0
github.com/excalibase/auth/internal/migrate/migrate.go:130.19,132.3 1 0
github.com/excalibase/auth/internal/migrate/migrate.go:135.2,135.165 1 0
github.com/excalibase/auth/internal/migrate/migrate.go:138.42,143.30 5 0
github.com/excalibase/auth/internal/migrate/migrate.go:143.30,145.12 2 0
github.com/excalibase/auth/internal/migrate/migrate.go:145.12,146.16 1 0
github.com/excalibase/auth/internal/migrate/migrate.go:146.16,148.5 1 0
github.com/excalibase/auth/internal/migrate/migrate.go:148.10,148.23 1 0
github.com/excalibase/auth/internal/migrate/migrate.go:148.23,150.5 1 0
github.com/excalibase/auth/internal/migrate/migrate.go:151.9,152.33 1 0
github.com/excalibase/auth/internal/migrate/migrate.go:152.33,153.17 1 0
github.com/excalibase/auth/internal/migrate/migrate.go:153.17,155.6 1 0
github.com/excalibase/auth/internal/migrate/migrate.go:156.5,159.17 4 0
github.com/excalibase/auth/internal/migrate/migrate.go:160.10,162.5 1 0
github.com/excalibase/auth/internal/migrate/migrate.go:165.2,165.15 1 0
github.com/excalibase/auth/internal/pool/manager.go:49.74,59.2 1 1
github.com/excalibase/auth/internal/pool/manager.go:61.83,63.2 1 0
github.com/excalibase/auth/internal/pool/manager.go:68.98,73.47 4 1
github.com/excalibase/auth/internal/pool/manager.go:73.47,75.3 1 0
github.com/excalibase/auth/internal/pool/manager.go:77.2,77.46 1 1
github.com/excalibase/auth/internal/pool/manager.go:80.101,82.16 2 1
github.com/excalibase/auth/internal/pool/manager.go:82.16,85.3 2 1
github.com/excalibase/auth/internal/pool/manager.go:87.2,97.67 6 0
github.com/excalibase/auth/internal/pool/manager.go:97.67,102.3 4 0
github.com/excalibase/auth/internal/pool/manager.go:104.2,105.16 2 0
github.com/excalibase/auth/internal/pool/manager.go:105.16,107.3 1 0
github.com/excalibase/auth/internal/pool/manager.go:110.2,110.38 1 0
github.com/excalibase/auth/internal/pool/manager.go:110.38,111.50 1 0
github.com/excalibase/auth/internal/pool/manager.go:111.50,113.4 1 0
github.com/excalibase/auth/internal/pool/manager.go:116.2,118.58 2 0
github.com/excalibase/auth/internal/pool/manager.go:118.58,120.3 1 0
github.com/excalibase/auth/internal/pool/manager.go:121.2,124.18 3 0
github.com/excalibase/auth/internal/pool/manager.go:127.111,136.16 5 1
github.com/excalibase/auth/internal/pool/manager.go:136.16,138.3 1 0
github.com/excalibase/auth/internal/pool/manager.go:139.2,142.16 3 1
github.com/excalibase/auth/internal/pool/manager.go:142.16,144.3 1 1
github.com/excalibase/auth/internal/pool/manager.go:145.2,147.28 2 0
github.com/excalibase/auth/internal/pool/manager.go:147.28,149.3 1 0
github.com/excalibase/auth/internal/pool/manager.go:151.2,152.66 2 0
github.com/excalibase/auth/internal/pool/manager.go:152.66,154.3 1 0
github.com/excalibase/auth/internal/pool/manager.go:155.2,155.19 1 0
github.com/excalibase/auth/internal/pool/manager.go:163.94,165.80 2 1
github.com/excalibase/auth/internal/pool/manager.go:165.80,169.3 3 0
github.com/excalibase/auth/internal/pool/manager.go:170.2,174.16 4 1
github.com/excalibase/auth/internal/pool/manager.go:174.16,176.3 1 0
github.com/excalibase/auth/internal/pool/manager.go:177.2,179.16 3 1
github.com/excalibase/auth/internal/pool/manager.go:179.16,181.3 1 1
github.com/excalibase/auth/internal/pool/manager.go:182.2,183.28 2 0
github.com/excalibase/auth/internal/pool/manager.go:183.28,185.3 1 0
github.com/excalibase/auth/internal/pool/manager.go:186.2,187.65 2 0
github.com/excalibase/auth/internal/pool/manager.go:187.65,189.3 1 0
github.com/excalibase/auth/internal/pool/manager.go:191.2,194.18 4 0
github.com/excalibase/auth/internal/pool/manager.go:197.85,199.16 2 0
github.com/excalibase/auth/internal/pool/manager.go:199.16,201.3 1 0
github.com/excalibase/auth/internal/pool/manager.go:202.2,207.43 6 0
github.com/excalibase/auth/internal/service/apikey.go:43.82,45.17 2 0
github.com/excalibase/auth/internal/service/apikey.go:46.26,47.35 1 0
github.com/excalibase/auth/internal/service/apikey.go:48.21,49.30 1 0
github.com/excalibase/auth/internal/service/apikey.go:50.10,51.69 1 0
github.com/excalibase/auth/internal/service/apikey.go:54.2,55.16 2 0
github.com/excalibase/auth/internal/service/apikey.go:55.16,57.3 1 0
github.com/excalibase/auth/internal/service/apikey.go:59.2,62.37 4 0
github.com/excalibase/auth/internal/service/apikey.go:68.42,71.2 2 0
github.com/excalibase/auth/internal/service/apikey.go:73.42,76.25 3 0
github.com/excalibase/auth/internal/service/apikey.go:76.25,78.17 2 0
github.com/excalibase/auth/internal/service/apikey.go:78.17,80.4 1 0
github.com/excalibase/auth/internal/service/apikey.go:81.3,81.39 1 0
github.com/excalibase/auth/internal/service/apikey.go:83.2,83.25 1 0
